#
# A fatal error has been detected by the Java Runtime Environment:
#
#  SIGSEGV (0xb) at pc=0x00007f505020c443, pid=3743, tid=139982695118592
#
# JRE version: OpenJDK Runtime Environment (7.0_95) (build 1.7.0_95-b00)
# Java VM: OpenJDK 64-Bit Server VM (24.95-b01 mixed mode linux-amd64 compressed oops)
# Derivative: IcedTea 2.6.4
# Distribution: Ubuntu 14.04.3 LTS, package 7u95-2.6.4-0ubuntu0.14.04.1
# Problematic frame:
# C  [libX11.so.6+0x89443]
#
# Failed to write core dump. Core dumps have been disabled. To enable core dumping, try "ulimit -c unlimited" before starting Java again
#
# If you would like to submit a bug report, please include
# instructions on how to reproduce the bug and visit:
#   http://icedtea.classpath.org/bugzilla
# The crash happened outside the Java Virtual Machine in native code.
# See problematic frame for where to report the bug.
#

---------------  T H R E A D  ---------------

Current thread (0x00007f505835e000):  JavaThread "AWT-XAWT" daemon [_thread_in_native, id=3855, stack(0x00007f5042c13000,0x00007f5042d14000)]

siginfo:si_signo=SIGSEGV: si_errno=0, si_code=1 (SEGV_MAPERR), si_addr=0x000000000000000a

Registers:
RAX=0x00007f50582ffbf0, RBX=0x00007f50582fe9a0, RCX=0x0000000000000000, RDX=0x0000000000000087
RSP=0x00007f5042d12790, RBP=0x000000000000000a, RSI=0x0000000000000000, RDI=0x00007f50582fe9a0
R8 =0x0000000000000000, R9 =0x00000007891f9de8, R10=0x00007f5053f85d6c, R11=0x00007f505d1be950
R12=0x0000000000000000, R13=0x000000077b445af8, R14=0x00007f5042d12898, R15=0x00007f505835e000
RIP=0x00007f505020c443, EFLAGS=0x0000000000010246, CSGSFS=0x0000000000000033, ERR=0x0000000000000004
  TRAPNO=0x000000000000000e

Top of Stack: (sp=0x00007f5042d12790)
0x00007f5042d12790:   00007f5042d127b0 00007f50582fe9a0
0x00007f5042d127a0:   0000000000000047 00007f505020d0f1
0x00007f5042d127b0:   000000077b445af8 00007f5042d127d0
0x00007f5042d127c0:   0000000000000000 00007f50506f7181
0x00007f5042d127d0:   00007f5042d12850 00007f5053f85d98
0x00007f5042d127e0:   000000077dcfd298 00007f5042d12838
0x00007f5042d127f0:   000000077dcfea48 0000000000000000
0x00007f5042d12800:   000000077dcfd2d0 0000000000000000
0x00007f5042d12810:   00007f5042d12810 0000000000000000
0x00007f5042d12820:   00007f5042d12898 000000077b4471d0
0x00007f5042d12830:   0000000000000000 000000077b445af8
0x00007f5042d12840:   0000000000000000 00007f5042d12870
0x00007f5042d12850:   00007f5042d128e0 00007f5053f79175
0x00007f5042d12860:   00000007853049e8 00007f5053f81cd7
0x00007f5042d12870:   0000000000000000 0000000000000000
0x00007f5042d12880:   0000000000000047 00007f5053f79175
0x00007f5042d12890:   00007f50582fe9a0 00007f5053f79175
0x00007f5042d128a0:   00007f5042d128a0 000000077b416127
0x00007f5042d128b0:   00007f5042d12908 000000077b42db28
0x00007f5042d128c0:   0000000000000000 000000077b416178
0x00007f5042d128d0:   00007f5042d12870 00007f5042d12900
0x00007f5042d128e0:   00007f5042d12950 00007f5053f79058
0x00007f5042d128f0:   0000000000000001 00000007d8728d78
0x00007f5042d12900:   00000007857d9d60 0000000785732a90
0x00007f5042d12910:   00007f5042d12910 000000077b40dfd1
0x00007f5042d12920:   00007f5042d12998 000000077b42db28
0x00007f5042d12930:   000000077d5df2f0 000000077b40e208
0x00007f5042d12940:   00007f5042d12900 00007f5042d12990
0x00007f5042d12950:   00007f5042d129e0 00007f5053f79058
0x00007f5042d12960:   0000000000000000 0000000000000000
0x00007f5042d12970:   0000000000000000 0000000000000000
0x00007f5042d12980:   0000000000000000 00000007857d9d60 

Instructions: (pc=0x00007f505020c443)
0x00007f505020c423:   83 ec 08 e8 f5 57 fb ff 48 8b 93 20 0a 00 00 31
0x00007f505020c433:   c9 31 f6 48 8b 52 08 8b 52 04 c6 40 01 08 88 10
0x00007f505020c443:   0f b7 55 00 66 89 48 06 c6 40 0b 00 c6 40 0a 00
0x00007f505020c453:   c6 40 0d 00 c6 40 0c 00 c6 40 0f 00 66 89 50 04 

Register to memory mapping:

RAX=0x00007f50582ffbf0 is an unknown value
RBX=0x00007f50582fe9a0 is an unknown value
RCX=0x0000000000000000 is an unknown value
RDX=0x0000000000000087 is an unknown value
RSP=0x00007f5042d12790 is pointing into the stack for thread: 0x00007f505835e000
RBP=0x000000000000000a is an unknown value
RSI=0x0000000000000000 is an unknown value
RDI=0x00007f50582fe9a0 is an unknown value
R8 =0x0000000000000000 is an unknown value
R9 =0x00000007891f9de8 is an oop
java.util.logging.Logger 
 - klass: 'java/util/logging/Logger'
R10=0x00007f5053f85d6c is at code_begin+620 in an Interpreter codelet
method entry point (kind = native)  [0x00007f5053f85b00, 0x00007f5053f86360]  2144 bytes
R11=0x00007f505d1be950: <offset 0x866950> in /usr/lib/jvm/java-7-openjdk-amd64/jre/lib/amd64/server/libjvm.so at 0x00007f505c958000
R12=0x0000000000000000 is an unknown value
R13=0x000000077b445af8 is an oop
{method} 
 - klass: {other class}
R14=0x00007f5042d12898 is pointing into the stack for thread: 0x00007f505835e000
R15=0x00007f505835e000 is a thread


Stack: [0x00007f5042c13000,0x00007f5042d14000],  sp=0x00007f5042d12790,  free space=1021k
Native frames: (J=compiled Java code, j=interpreted, Vv=VM code, C=native code)
C  [libX11.so.6+0x89443]

Java frames: (J=compiled Java code, j=interpreted, Vv=VM code)
j  sun.awt.X11.XlibWrapper.XkbGetUpdatedMap(JJJ)J+0
j  sun.awt.X11.XToolkit.processXkbChanges(Lsun/awt/X11/XEvent;)V+87
j  sun.awt.X11.XToolkit.run(Z)V+137
j  sun.awt.X11.XToolkit.run()V+5
j  java.lang.Thread.run()V+11
v  ~StubRoutines::call_stub

---------------  P R O C E S S  ---------------

Java Threads: ( => current thread )
  0x00007f5024001000 JavaThread "SIGHUP handler" daemon [_thread_blocked, id=20653, stack(0x00007f502e3c6000,0x00007f502e4c7000)]
  0x00000000010f9800 JavaThread "Thread-1639" [_thread_blocked, id=8715, stack(0x00007f502edf2000,0x00007f502eef3000)]
  0x00000000010f7000 JavaThread "Thread-1638" [_thread_in_Java, id=8713, stack(0x00007f502e7ec000,0x00007f502e8ed000)]
  0x00000000010f5800 JavaThread "Thread-1637" [_thread_blocked, id=8712, stack(0x00007f502ecf1000,0x00007f502edf2000)]
  0x0000000001218800 JavaThread "Thread-1636" [_thread_in_Java, id=8711, stack(0x00007f5040bbb000,0x00007f5040cbc000)]
  0x0000000001217000 JavaThread "Thread-1635" [_thread_blocked, id=8710, stack(0x00007f502dfc2000,0x00007f502e0c3000)]
  0x0000000001216000 JavaThread "Thread-1634" [_thread_in_native, id=8709, stack(0x00007f504003d000,0x00007f504013e000)]
  0x0000000001214800 JavaThread "Thread-1633" [_thread_in_Java, id=8708, stack(0x00007f502dcbf000,0x00007f502ddc0000)]
  0x0000000001213000 JavaThread "Thread-1632" [_thread_in_Java, id=8707, stack(0x00007f502e4e9000,0x00007f502e5ea000)]
  0x0000000001205800 JavaThread "Thread-1631" [_thread_blocked, id=8706, stack(0x00007f502d391000,0x00007f502d492000)]
  0x0000000001204800 JavaThread "Thread-1630" [_thread_in_Java, id=8705, stack(0x00007f502e8ed000,0x00007f502e9ee000)]
  0x0000000001203800 JavaThread "Thread-1629" [_thread_blocked, id=8704, stack(0x00007f502eff4000,0x00007f502f0f5000)]
  0x00007f4fe8031000 JavaThread "Thread-1617" [_thread_blocked, id=8637, stack(0x00007f502d896000,0x00007f502d997000)]
  0x0000000001212000 JavaThread "Thread-1616" [_thread_blocked, id=8630, stack(0x00007f502ddc0000,0x00007f502dec1000)]
  0x0000000001211000 JavaThread "Thread-1615" [_thread_blocked, id=8629, stack(0x00007f502f1f6000,0x00007f502f2f7000)]
  0x0000000001210800 JavaThread "Thread-1614" [_thread_blocked, id=8628, stack(0x00007f502d593000,0x00007f502d694000)]
  0x000000000120f800 JavaThread "Thread-1613" [_thread_blocked, id=8627, stack(0x00007f502eaef000,0x00007f502ebf0000)]
  0x000000000120f000 JavaThread "Thread-1612" [_thread_blocked, id=8626, stack(0x00007f502e9ee000,0x00007f502eaef000)]
  0x000000000120e000 JavaThread "Thread-1611" [_thread_blocked, id=8625, stack(0x00007f502d492000,0x00007f502d593000)]
  0x00000000011b8000 JavaThread "Thread-1610" [_thread_blocked, id=8624, stack(0x00007f5040cbc000,0x00007f5040dbd000)]
  0x00000000011b7800 JavaThread "Thread-1609" [_thread_blocked, id=8623, stack(0x00007f502eef3000,0x00007f502eff4000)]
  0x0000000001243000 JavaThread "Thread-1608" [_thread_blocked, id=8622, stack(0x00007f502e6eb000,0x00007f502e7ec000)]
  0x0000000001242800 JavaThread "Thread-1607" [_thread_blocked, id=8621, stack(0x00007f504013e000,0x00007f504023f000)]
  0x00007f4fe000d800 JavaThread "Thread-19" [_thread_blocked, id=4849, stack(0x00007f5040dbd000,0x00007f5040ebe000)]
  0x00007f505800a000 JavaThread "DestroyJavaVM" [_thread_blocked, id=3750, stack(0x00007f505f5f4000,0x00007f505f6f5000)]
  0x00007f50586a0000 JavaThread "Thread-11" [_thread_in_native, id=4585, stack(0x00007f504023f000,0x00007f5040340000)]
  0x00007f505869f800 JavaThread "Thread-10" [_thread_blocked, id=4584, stack(0x00007f5040340000,0x00007f5040441000)]
  0x00007f50585cb000 JavaThread "AWT-EventQueue-0" [_thread_blocked, id=4091, stack(0x00007f5040ebe000,0x00007f5040fbf000)]
  0x00007f5058532000 JavaThread "AWT-Shutdown" [_thread_blocked, id=4089, stack(0x00007f5040fbf000,0x00007f50410c0000)]
  0x00007f5058475800 JavaThread "TimerQueue" daemon [_thread_blocked, id=3876, stack(0x00007f50410c0000,0x00007f50411c1000)]
  0x00007f50583cf000 JavaThread "pool-2-thread-1" [_thread_blocked, id=3875, stack(0x00007f5041916000,0x00007f5041a17000)]
=>0x00007f505835e000 JavaThread "AWT-XAWT" daemon [_thread_in_native, id=3855, stack(0x00007f5042c13000,0x00007f5042d14000)]
  0x00007f5058346000 JavaThread "Java2D Disposer" daemon [_thread_blocked, id=3854, stack(0x00007f5050082000,0x00007f5050183000)]
  0x00007f5058225800 JavaThread "pool-1-thread-1" [_thread_blocked, id=3827, stack(0x00007f5050c03000,0x00007f5050d04000)]
  0x00007f5058175000 JavaThread "Service Thread" daemon [_thread_blocked, id=3775, stack(0x00007f505116a000,0x00007f505126b000)]
  0x00007f5058172800 JavaThread "C2 CompilerThread1" daemon [_thread_blocked, id=3774, stack(0x00007f505126b000,0x00007f505136c000)]
  0x00007f505816f800 JavaThread "C2 CompilerThread0" daemon [_thread_blocked, id=3773, stack(0x00007f505136c000,0x00007f505146d000)]
  0x00007f505816d800 JavaThread "Signal Dispatcher" daemon [_thread_in_vm, id=3772, stack(0x00007f505146d000,0x00007f505156e000)]
  0x00007f5058143000 JavaThread "Finalizer" daemon [_thread_blocked, id=3767, stack(0x00007f5051c50000,0x00007f5051d51000)]
  0x00007f5058141000 JavaThread "Reference Handler" daemon [_thread_blocked, id=3766, stack(0x00007f5051d51000,0x00007f5051e52000)]

Other Threads:
  0x00007f505813c800 VMThread [stack: 0x00007f5051e52000,0x00007f5051f53000] [id=3765]

VM state:synchronizing (normal execution)

VM Mutex/Monitor currently owned by a thread:  ([mutex/lock_event])
[0x00007f50580061d0] Safepoint_lock - owner thread: 0x00007f505813c800
[0x00007f5058006250] Threads_lock - owner thread: 0x00007f505813c800

Heap
 PSYoungGen      total 92160K, used 39958K [0x00000007d7080000, 0x00000007de880000, 0x0000000800000000)
  eden space 75776K, 31% used [0x00000007d7080000,0x00000007d879f260,0x00000007dba80000)
  from space 16384K, 99% used [0x00000007dbc00000,0x00000007dcbe6920,0x00000007dcc00000)
  to   space 23552K, 0% used [0x00000007dd180000,0x00000007dd180000,0x00000007de880000)
 ParOldGen       total 248320K, used 159797K [0x0000000785200000, 0x0000000794480000, 0x00000007d7080000)
  object space 248320K, 64% used [0x0000000785200000,0x000000078ee0d458,0x0000000794480000)
 PSPermGen       total 50688K, used 50171K [0x000000077ac00000, 0x000000077dd80000, 0x0000000785200000)
  object space 50688K, 98% used [0x000000077ac00000,0x000000077dcfeec8,0x000000077dd80000)

Card table byte_map: [0x00007f5053b48000,0x00007f5053f73000] byte_map_base: 0x00007f504ff72000

Polling page: 0x00007f505f715000

Code Cache  [0x00007f5053f73000, 0x00007f5054943000, 0x00007f5056f73000)
 total_blobs=3518 nmethods=2827 adapters=641 free_code_cache=39291Kb largest_free_block=40061056

Compilation events (10 events):
Event: 18406.941 Thread 0x00007f5058172800 3667 %           org.lobobrowser.html.renderer.RBlockViewport::layoutText @ 289 (612 bytes)
Event: 18407.078 Thread 0x00007f5058172800 nmethod 3667% 0x00007f5054933310 code [0x00007f5054933580, 0x00007f5054934a10]
Event: 18440.726 Thread 0x00007f505816f800 3668             sun.security.provider.ByteArrayAccess::i2bLittle (204 bytes)
Event: 18440.744 Thread 0x00007f505816f800 nmethod 3668 0x00007f5054871dd0 code [0x00007f5054871f20, 0x00007f5054872198]
Event: 19376.480 Thread 0x00007f5058172800 3669 % !         burp.rpd::b @ 402 (809 bytes)
Event: 19376.602 Thread 0x00007f5058172800 nmethod 3669% 0x00007f5054930d10 code [0x00007f5054930f80, 0x00007f5054932458]
Event: 19381.711 Thread 0x00007f505816f800 3670   !         burp.rpd::b (809 bytes)
Event: 19381.897 Thread 0x00007f505816f800 nmethod 3670 0x00007f505493b8d0 code [0x00007f505493bb40, 0x00007f505493d508]
Event: 19871.998 Thread 0x00007f5058172800 3671             burp.dld::e (54 bytes)
Event: 19872.021 Thread 0x00007f5058172800 nmethod 3671 0x00007f5054930750 code [0x00007f50549308a0, 0x00007f5054930b78]

GC Heap History (10 events):
Event: 21682.945 GC heap before
{Heap before GC invocations=1614 (full 33):
 PSYoungGen      total 107520K, used 107078K [0x00000007d7080000, 0x00000007df700000, 0x0000000800000000)
  eden space 83456K, 100% used [0x00000007d7080000,0x00000007dc200000,0x00000007dc200000)
  from space 24064K, 98% used [0x00000007ddc00000,0x00000007df311ad8,0x00000007df380000)
  to   space 26624K, 0% used [0x00000007dc200000,0x00000007dc200000,0x00000007ddc00000)
 ParOldGen       total 248320K, used 149824K [0x0000000785200000, 0x0000000794480000, 0x00000007d7080000)
  object space 248320K, 60% used [0x0000000785200000,0x000000078e450098,0x0000000794480000)
 PSPermGen       total 50688K, used 50138K [0x000000077ac00000, 0x000000077dd80000, 0x0000000785200000)
  object space 50688K, 98% used [0x000000077ac00000,0x000000077dcf6b38,0x000000077dd80000)
Event: 21682.962 GC heap after
Heap after GC invocations=1614 (full 33):
 PSYoungGen      total 97792K, used 15682K [0x00000007d7080000, 0x00000007df280000, 0x0000000800000000)
  eden space 81920K, 0% used [0x00000007d7080000,0x00000007d7080000,0x00000007dc080000)
  from space 15872K, 98% used [0x00000007dc200000,0x00000007dd1509f0,0x00000007dd180000)
  to   space 25600K, 0% used [0x00000007dd980000,0x00000007dd980000,0x00000007df280000)
 ParOldGen       total 248320K, used 152784K [0x0000000785200000, 0x0000000794480000, 0x00000007d7080000)
  object space 248320K, 61% used [0x0000000785200000,0x000000078e734018,0x0000000794480000)
 PSPermGen       total 50688K, used 50138K [0x000000077ac00000, 0x000000077dd80000, 0x0000000785200000)
  object space 50688K, 98% used [0x000000077ac00000,0x000000077dcf6b38,0x000000077dd80000)
}
Event: 21685.884 GC heap before
{Heap before GC invocations=1615 (full 33):
 PSYoungGen      total 97792K, used 97602K [0x00000007d7080000, 0x00000007df280000, 0x0000000800000000)
  eden space 81920K, 100% used [0x00000007d7080000,0x00000007dc080000,0x00000007dc080000)
  from space 15872K, 98% used [0x00000007dc200000,0x00000007dd1509f0,0x00000007dd180000)
  to   space 25600K, 0% used [0x00000007dd980000,0x00000007dd980000,0x00000007df280000)
 ParOldGen       total 248320K, used 152784K [0x0000000785200000, 0x0000000794480000, 0x00000007d7080000)
  object space 248320K, 61% used [0x0000000785200000,0x000000078e734018,0x0000000794480000)
 PSPermGen       total 50688K, used 50138K [0x000000077ac00000, 0x000000077dd80000, 0x0000000785200000)
  object space 50688K, 98% used [0x000000077ac00000,0x000000077dcf6b38,0x000000077dd80000)
Event: 21685.901 GC heap after
Heap after GC invocations=1615 (full 33):
 PSYoungGen      total 104448K, used 17408K [0x00000007d7080000, 0x00000007df100000, 0x0000000800000000)
  eden space 80384K, 0% used [0x00000007d7080000,0x00000007d7080000,0x00000007dbf00000)
  from space 24064K, 72% used [0x00000007dd980000,0x00000007dea80260,0x00000007df100000)
  to   space 25600K, 0% used [0x00000007dbf00000,0x00000007dbf00000,0x00000007dd800000)
 ParOldGen       total 248320K, used 152784K [0x0000000785200000, 0x0000000794480000, 0x00000007d7080000)
  object space 248320K, 61% used [0x0000000785200000,0x000000078e734018,0x0000000794480000)
 PSPermGen       total 50688K, used 50138K [0x000000077ac00000, 0x000000077dd80000, 0x0000000785200000)
  object space 50688K, 98% used [0x000000077ac00000,0x000000077dcf6b38,0x000000077dd80000)
}
Event: 21692.813 GC heap before
{Heap before GC invocations=1616 (full 33):
 PSYoungGen      total 104448K, used 97792K [0x00000007d7080000, 0x00000007df100000, 0x0000000800000000)
  eden space 80384K, 100% used [0x00000007d7080000,0x00000007dbf00000,0x00000007dbf00000)
  from space 24064K, 72% used [0x00000007dd980000,0x00000007dea80260,0x00000007df100000)
  to   space 25600K, 0% used [0x00000007dbf00000,0x00000007dbf00000,0x00000007dd800000)
 ParOldGen       total 248320K, used 152784K [0x0000000785200000, 0x0000000794480000, 0x00000007d7080000)
  object space 248320K, 61% used [0x0000000785200000,0x000000078e734018,0x0000000794480000)
 PSPermGen       total 50688K, used 50138K [0x000000077ac00000, 0x000000077dd80000, 0x0000000785200000)
  object space 50688K, 98% used [0x000000077ac00000,0x000000077dcf6b38,0x000000077dd80000)
Event: 21692.829 GC heap after
Heap after GC invocations=1616 (full 33):
 PSYoungGen      total 95232K, used 16104K [0x00000007d7080000, 0x00000007ded80000, 0x0000000800000000)
  eden space 78848K, 0% used [0x00000007d7080000,0x00000007d7080000,0x00000007dbd80000)
  from space 16384K, 98% used [0x00000007dbf00000,0x00000007dceba1f8,0x00000007dcf00000)
  to   space 24576K, 0% used [0x00000007dd580000,0x00000007dd580000,0x00000007ded80000)
 ParOldGen       total 248320K, used 156129K [0x0000000785200000, 0x0000000794480000, 0x00000007d7080000)
  object space 248320K, 62% used [0x0000000785200000,0x000000078ea78698,0x0000000794480000)
 PSPermGen       total 50688K, used 50138K [0x000000077ac00000, 0x000000077dd80000, 0x0000000785200000)
  object space 50688K, 98% used [0x000000077ac00000,0x000000077dcf6b38,0x000000077dd80000)
}
Event: 21694.369 GC heap before
{Heap before GC invocations=1617 (full 33):
 PSYoungGen      total 95232K, used 94952K [0x00000007d7080000, 0x00000007ded80000, 0x0000000800000000)
  eden space 78848K, 100% used [0x00000007d7080000,0x00000007dbd80000,0x00000007dbd80000)
  from space 16384K, 98% used [0x00000007dbf00000,0x00000007dceba1f8,0x00000007dcf00000)
  to   space 24576K, 0% used [0x00000007dd580000,0x00000007dd580000,0x00000007ded80000)
 ParOldGen       total 248320K, used 156129K [0x0000000785200000, 0x0000000794480000, 0x00000007d7080000)
  object space 248320K, 62% used [0x0000000785200000,0x000000078ea78698,0x0000000794480000)
 PSPermGen       total 50688K, used 50138K [0x000000077ac00000, 0x000000077dd80000, 0x0000000785200000)
  object space 50688K, 98% used [0x000000077ac00000,0x000000077dcf6b38,0x000000077dd80000)
Event: 21694.385 GC heap after
Heap after GC invocations=1617 (full 33):
 PSYoungGen      total 99328K, used 13159K [0x00000007d7080000, 0x00000007deb00000, 0x0000000800000000)
  eden space 77312K, 0% used [0x00000007d7080000,0x00000007d7080000,0x00000007dbc00000)
  from space 22016K, 59% used [0x00000007dd580000,0x00000007de259e28,0x00000007deb00000)
  to   space 24064K, 0% used [0x00000007dbc00000,0x00000007dbc00000,0x00000007dd380000)
 ParOldGen       total 248320K, used 156129K [0x0000000785200000, 0x0000000794480000, 0x00000007d7080000)
  object space 248320K, 62% used [0x0000000785200000,0x000000078ea78698,0x0000000794480000)
 PSPermGen       total 50688K, used 50138K [0x000000077ac00000, 0x000000077dd80000, 0x0000000785200000)
  object space 50688K, 98% used [0x000000077ac00000,0x000000077dcf6b38,0x000000077dd80000)
}
Event: 28966.808 GC heap before
{Heap before GC invocations=1618 (full 33):
 PSYoungGen      total 99328K, used 90471K [0x00000007d7080000, 0x00000007deb00000, 0x0000000800000000)
  eden space 77312K, 100% used [0x00000007d7080000,0x00000007dbc00000,0x00000007dbc00000)
  from space 22016K, 59% used [0x00000007dd580000,0x00000007de259e28,0x00000007deb00000)
  to   space 24064K, 0% used [0x00000007dbc00000,0x00000007dbc00000,0x00000007dd380000)
 ParOldGen       total 248320K, used 156129K [0x0000000785200000, 0x0000000794480000, 0x00000007d7080000)
  object space 248320K, 62% used [0x0000000785200000,0x000000078ea78698,0x0000000794480000)
 PSPermGen       total 50688K, used 50140K [0x000000077ac00000, 0x000000077dd80000, 0x0000000785200000)
  object space 50688K, 98% used [0x000000077ac00000,0x000000077dcf7238,0x000000077dd80000)
Event: 28966.849 GC heap after
Heap after GC invocations=1618 (full 33):
 PSYoungGen      total 92160K, used 16282K [0x00000007d7080000, 0x00000007de880000, 0x0000000800000000)
  eden space 75776K, 0% used [0x00000007d7080000,0x00000007d7080000,0x00000007dba80000)
  from space 16384K, 99% used [0x00000007dbc00000,0x00000007dcbe6920,0x00000007dcc00000)
  to   space 23552K, 0% used [0x00000007dd180000,0x00000007dd180000,0x00000007de880000)
 ParOldGen       total 248320K, used 159797K [0x0000000785200000, 0x0000000794480000, 0x00000007d7080000)
  object space 248320K, 64% used [0x0000000785200000,0x000000078ee0d458,0x0000000794480000)
 PSPermGen       total 50688K, used 50140K [0x000000077ac00000, 0x000000077dd80000, 0x0000000785200000)
  object space 50688K, 98% used [0x000000077ac00000,0x000000077dcf7238,0x000000077dd80000)
}

Deoptimization events (10 events):
Event: 17059.658 Thread 0x00007f4fdc030000 Uncommon trap: reason=class_check action=maybe_recompile pc=0x00007f50542b1a7c method=sun.security.jca.ProviderList$ServiceList.tryGet(I)Ljava/security/Provider$Service; @ 122
Event: 17059.658 Thread 0x00007f4fdc030000 Uncommon trap: reason=class_check action=maybe_recompile pc=0x00007f50542b1a7c method=sun.security.jca.ProviderList$ServiceList.tryGet(I)Ljava/security/Provider$Service; @ 122
Event: 17334.748 Thread 0x00007f50585cb000 Uncommon trap: reason=unstable_if action=reinterpret pc=0x00007f50547a163c method=burp.o3d.a(I)F @ 47
Event: 17420.086 Thread 0x00007f4fdc051000 Uncommon trap: reason=class_check action=maybe_recompile pc=0x00007f50542b1a7c method=sun.security.jca.ProviderList$ServiceList.tryGet(I)Ljava/security/Provider$Service; @ 122
Event: 17420.093 Thread 0x00007f4fdc049000 Uncommon trap: reason=class_check action=maybe_recompile pc=0x00007f50542b1a7c method=sun.security.jca.ProviderList$ServiceList.tryGet(I)Ljava/security/Provider$Service; @ 122
Event: 17937.759 Thread 0x00007f50585cb000 Uncommon trap: reason=class_check action=maybe_recompile pc=0x00007f5054831d44 method=java.awt.Component.updateCursorImmediately()V @ 30
Event: 17937.812 Thread 0x00007f50585cb000 Uncommon trap: reason=unstable_if action=reinterpret pc=0x00007f505419fe08 method=burp.axc.b(II)V @ 37
Event: 17987.689 Thread 0x0000000001216000 Uncommon trap: reason=unstable_if action=reinterpret pc=0x00007f5054869154 method=burp.rpd.b(IIII)[I @ 70
Event: 18240.651 Thread 0x00007f4fdc047000 Uncommon trap: reason=unstable_if action=reinterpret pc=0x00007f5054384b28 method=burp.v2d.a([BI)I @ 80
Event: 28966.889 Thread 0x00007f505835e000 Uncommon trap: reason=unstable_if action=reinterpret pc=0x00007f50548e497c method=sun.awt.X11.XToolkit.run(Z)V @ 132

Internal exceptions (10 events):
Event: 19896.181 Thread 0x00000000010f5800 Threw 0x00000007db056370 at /build/openjdk-7-2FOwCu/openjdk-7-7u95-2.6.4/build/openjdk/hotspot/src/share/vm/prims/jni.cpp:747
Event: 20033.744 Thread 0x0000000001203800 Threw 0x00000007dbea87c8 at /build/openjdk-7-2FOwCu/openjdk-7-7u95-2.6.4/build/openjdk/hotspot/src/share/vm/prims/jni.cpp:747
Event: 20597.848 Thread 0x00000000010f5800 Threw 0x00000007db53b508 at /build/openjdk-7-2FOwCu/openjdk-7-7u95-2.6.4/build/openjdk/hotspot/src/share/vm/prims/jni.cpp:747
Event: 20721.181 Thread 0x00000000010f5800 Threw 0x00000007d75018e8 at /build/openjdk-7-2FOwCu/openjdk-7-7u95-2.6.4/build/openjdk/hotspot/src/share/vm/prims/jni.cpp:747
Event: 20800.729 Thread 0x0000000001203800 Threw 0x00000007d9634560 at /build/openjdk-7-2FOwCu/openjdk-7-7u95-2.6.4/build/openjdk/hotspot/src/share/vm/prims/jni.cpp:747
Event: 20939.675 Thread 0x0000000001203800 Threw 0x00000007d9fcea80 at /build/openjdk-7-2FOwCu/openjdk-7-7u95-2.6.4/build/openjdk/hotspot/src/share/vm/prims/jni.cpp:747
Event: 21071.001 Thread 0x0000000001203800 Threw 0x00000007d8b24ab8 at /build/openjdk-7-2FOwCu/openjdk-7-7u95-2.6.4/build/openjdk/hotspot/src/share/vm/prims/jni.cpp:747
Event: 21215.066 Thread 0x0000000001203800 Threw 0x00000007d96301e8 at /build/openjdk-7-2FOwCu/openjdk-7-7u95-2.6.4/build/openjdk/hotspot/src/share/vm/prims/jni.cpp:747
Event: 21341.900 Thread 0x0000000001203800 Threw 0x00000007d7a7f6e8 at /build/openjdk-7-2FOwCu/openjdk-7-7u95-2.6.4/build/openjdk/hotspot/src/share/vm/prims/jni.cpp:747
Event: 21475.917 Thread 0x0000000001203800 Threw 0x00000007d97c0ce8 at /build/openjdk-7-2FOwCu/openjdk-7-7u95-2.6.4/build/openjdk/hotspot/src/share/vm/prims/jni.cpp:747

Events (10 events):
Event: 28966.944 loading class 0x00007f5018080c00 done
Event: 28966.955 Executing VM operation: RevokeBias done
Event: 28966.969 Thread 0x00000000015da800 Thread exited: 0x00000000015da800
Event: 28966.971 loading class 0x00007f50180817c0 done
Event: 28966.971 loading class 0x00007f50180833c0
Event: 28966.975 loading class 0x00007f50180833c0 done
Event: 28967.041 Executing VM operation: RevokeBias
Event: 28967.058 Executing VM operation: RevokeBias done
Event: 28967.075 Thread 0x00000000012a0800 Thread exited: 0x00000000012a0800
Event: 28967.075 Executing VM operation: Exit


Dynamic libraries:
00400000-00401000 r-xp 00000000 08:01 1054923                            /usr/lib/jvm/java-7-openjdk-amd64/jre/bin/java
00600000-00601000 r--p 00000000 08:01 1054923                            /usr/lib/jvm/java-7-openjdk-amd64/jre/bin/java
00601000-00602000 rw-p 00001000 08:01 1054923                            /usr/lib/jvm/java-7-openjdk-amd64/jre/bin/java
010e6000-016af000 rw-p 00000000 00:00 0                                  [heap]
77ac00000-77dd80000 rw-p 00000000 00:00 0 
77dd80000-77f480000 ---p 00000000 00:00 0 
77f480000-785200000 rw-p 00000000 00:00 0 
785200000-794480000 rw-p 00000000 00:00 0 
794480000-798200000 ---p 00000000 00:00 0 
798200000-7d7080000 rw-p 00000000 00:00 0 
7d7080000-7de880000 rw-p 00000000 00:00 0 
7de880000-800000000 ---p 00000000 00:00 0 
7f4fc75b7000-7f4fc7865000 rw-s 00000000 00:04 306872332                  /SYSV00000000 (deleted)
7f4fc7865000-7f4fc7868000 ---p 00000000 00:00 0 
7f4fc7868000-7f4fc7966000 rw-p 00000000 00:00 0 
7f4fc7966000-7f4fc7969000 ---p 00000000 00:00 0 
7f4fc7969000-7f4fc7a67000 rw-p 00000000 00:00 0 
7f4fc7a67000-7f4fc7a6a000 ---p 00000000 00:00 0 
7f4fc7a6a000-7f4fc7b68000 rw-p 00000000 00:00 0 
7f4fc7b68000-7f4fc7b6b000 ---p 00000000 00:00 0 
7f4fc7b6b000-7f4fc7c69000 rw-p 00000000 00:00 0 
7f4fc7c69000-7f4fc7c6c000 ---p 00000000 00:00 0 
7f4fc7c6c000-7f4fc7d6a000 rw-p 00000000 00:00 0 
7f4fc7d6a000-7f4fc7d6d000 ---p 00000000 00:00 0 
7f4fc7d6d000-7f4fc7e6b000 rw-p 00000000 00:00 0 
7f4fc8000000-7f4fc8021000 rw-p 00000000 00:00 0 
7f4fc8021000-7f4fcc000000 ---p 00000000 00:00 0 
7f4fcc000000-7f4fcc055000 rw-p 00000000 00:00 0 
7f4fcc055000-7f4fd0000000 ---p 00000000 00:00 0 
7f4fd0000000-7f4fd0039000 rw-p 00000000 00:00 0 
7f4fd0039000-7f4fd4000000 ---p 00000000 00:00 0 
7f4fd4000000-7f4fd4021000 rw-p 00000000 00:00 0 
7f4fd4021000-7f4fd8000000 ---p 00000000 00:00 0 
7f4fd8000000-7f4fd8073000 rw-p 00000000 00:00 0 
7f4fd8073000-7f4fdc000000 ---p 00000000 00:00 0 
7f4fdc000000-7f4fdc060000 rw-p 00000000 00:00 0 
7f4fdc060000-7f4fe0000000 ---p 00000000 00:00 0 
7f4fe0000000-7f4fe00ec000 rw-p 00000000 00:00 0 
7f4fe00ec000-7f4fe4000000 ---p 00000000 00:00 0 
7f4fe4000000-7f4fe4031000 rw-p 00000000 00:00 0 
7f4fe4031000-7f4fe8000000 ---p 00000000 00:00 0 
7f4fe8000000-7f4fe8160000 rw-p 00000000 00:00 0 
7f4fe8160000-7f4fec000000 ---p 00000000 00:00 0 
7f4fec000000-7f4fec134000 rw-p 00000000 00:00 0 
7f4fec134000-7f4ff0000000 ---p 00000000 00:00 0 
7f4ff0000000-7f4ff0049000 rw-p 00000000 00:00 0 
7f4ff0049000-7f4ff4000000 ---p 00000000 00:00 0 
7f4ff4000000-7f4ff4326000 rw-p 00000000 00:00 0 
7f4ff4326000-7f4ff8000000 ---p 00000000 00:00 0 
7f4ff8000000-7f4ff8021000 rw-p 00000000 00:00 0 
7f4ff8021000-7f4ffc000000 ---p 00000000 00:00 0 
7f4ffc000000-7f4ffc075000 rw-p 00000000 00:00 0 
7f4ffc075000-7f5000000000 ---p 00000000 00:00 0 
7f5000000000-7f5000021000 rw-p 00000000 00:00 0 
7f5000021000-7f5004000000 ---p 00000000 00:00 0 
7f5004000000-7f50040e3000 rw-p 00000000 00:00 0 
7f50040e3000-7f5008000000 ---p 00000000 00:00 0 
7f5008000000-7f5008027000 rw-p 00000000 00:00 0 
7f5008027000-7f500c000000 ---p 00000000 00:00 0 
7f500c000000-7f500c052000 rw-p 00000000 00:00 0 
7f500c052000-7f5010000000 ---p 00000000 00:00 0 
7f5010000000-7f5010021000 rw-p 00000000 00:00 0 
7f5010021000-7f5014000000 ---p 00000000 00:00 0 
7f5014000000-7f5014021000 rw-p 00000000 00:00 0 
7f5014021000-7f5018000000 ---p 00000000 00:00 0 
7f5018000000-7f5019cc0000 rw-p 00000000 00:00 0 
7f5019cc0000-7f501c000000 ---p 00000000 00:00 0 
7f501c000000-7f501d8c9000 rw-p 00000000 00:00 0 
7f501d8c9000-7f5020000000 ---p 00000000 00:00 0 
7f5020000000-7f502004a000 rw-p 00000000 00:00 0 
7f502004a000-7f5024000000 ---p 00000000 00:00 0 
7f5024000000-7f5024021000 rw-p 00000000 00:00 0 
7f5024021000-7f5028000000 ---p 00000000 00:00 0 
7f5028000000-7f5028063000 rw-p 00000000 00:00 0 
7f5028063000-7f502c000000 ---p 00000000 00:00 0 
7f502c015000-7f502c018000 ---p 00000000 00:00 0 
7f502c018000-7f502c116000 rw-p 00000000 00:00 0 
7f502c116000-7f502c119000 ---p 00000000 00:00 0 
7f502c119000-7f502c217000 rw-p 00000000 00:00 0 
7f502c217000-7f502c21a000 ---p 00000000 00:00 0 
7f502c21a000-7f502c318000 rw-p 00000000 00:00 0 
7f502c318000-7f502c31b000 ---p 00000000 00:00 0 
7f502c31b000-7f502c419000 rw-p 00000000 00:00 0 
7f502c419000-7f502c41c000 ---p 00000000 00:00 0 
7f502c41c000-7f502c51a000 rw-p 00000000 00:00 0 
7f502c51a000-7f502c51d000 ---p 00000000 00:00 0 
7f502c51d000-7f502c61b000 rw-p 00000000 00:00 0 
7f502c61b000-7f502c61e000 ---p 00000000 00:00 0 
7f502c61e000-7f502c71c000 rw-p 00000000 00:00 0 
7f502c71c000-7f502c71f000 ---p 00000000 00:00 0 
7f502c71f000-7f502c81d000 rw-p 00000000 00:00 0 
7f502c81d000-7f502c820000 ---p 00000000 00:00 0 
7f502c820000-7f502c91e000 rw-p 00000000 00:00 0 
7f502ca1f000-7f502ca22000 ---p 00000000 00:00 0 
7f502ca22000-7f502cb20000 rw-p 00000000 00:00 0 
7f502cb89000-7f502cb8c000 ---p 00000000 00:00 0 
7f502cb8c000-7f502cc8a000 rw-p 00000000 00:00 0 
7f502cc8a000-7f502cc8d000 ---p 00000000 00:00 0 
7f502cc8d000-7f502cd8b000 rw-p 00000000 00:00 0 
7f502cd8b000-7f502cd8e000 ---p 00000000 00:00 0 
7f502cd8e000-7f502ce8c000 rw-p 00000000 00:00 0 
7f502ce8c000-7f502ce8f000 ---p 00000000 00:00 0 
7f502ce8f000-7f502cf8d000 rw-p 00000000 00:00 0 
7f502cf8d000-7f502cf90000 ---p 00000000 00:00 0 
7f502cf90000-7f502d08e000 rw-p 00000000 00:00 0 
7f502d08e000-7f502d091000 ---p 00000000 00:00 0 
7f502d091000-7f502d18f000 rw-p 00000000 00:00 0 
7f502d18f000-7f502d192000 ---p 00000000 00:00 0 
7f502d192000-7f502d290000 rw-p 00000000 00:00 0 
7f502d290000-7f502d293000 ---p 00000000 00:00 0 
7f502d293000-7f502d391000 rw-p 00000000 00:00 0 
7f502d391000-7f502d394000 ---p 00000000 00:00 0 
7f502d394000-7f502d492000 rw-p 00000000 00:00 0                          [stack:8706]
7f502d492000-7f502d495000 ---p 00000000 00:00 0 
7f502d495000-7f502d593000 rw-p 00000000 00:00 0                          [stack:8625]
7f502d593000-7f502d596000 ---p 00000000 00:00 0 
7f502d596000-7f502d694000 rw-p 00000000 00:00 0                          [stack:8628]
7f502d795000-7f502d798000 ---p 00000000 00:00 0 
7f502d798000-7f502d896000 rw-p 00000000 00:00 0 
7f502d896000-7f502d899000 ---p 00000000 00:00 0 
7f502d899000-7f502d997000 rw-p 00000000 00:00 0                          [stack:8637]
7f502d997000-7f502d99a000 ---p 00000000 00:00 0 
7f502d99a000-7f502da98000 rw-p 00000000 00:00 0 
7f502dabd000-7f502dac0000 ---p 00000000 00:00 0 
7f502dac0000-7f502dbbe000 rw-p 00000000 00:00 0 
7f502dbbe000-7f502dbc1000 ---p 00000000 00:00 0 
7f502dbc1000-7f502dcbf000 rw-p 00000000 00:00 0 
7f502dcbf000-7f502dcc2000 ---p 00000000 00:00 0 
7f502dcc2000-7f502ddc0000 rw-p 00000000 00:00 0                          [stack:8708]
7f502ddc0000-7f502ddc3000 ---p 00000000 00:00 0 
7f502ddc3000-7f502dec1000 rw-p 00000000 00:00 0                          [stack:8630]
7f502dec1000-7f502dec4000 ---p 00000000 00:00 0 
7f502dec4000-7f502dfc2000 rw-p 00000000 00:00 0 
7f502dfc2000-7f502dfc5000 ---p 00000000 00:00 0 
7f502dfc5000-7f502e0c3000 rw-p 00000000 00:00 0                          [stack:8710]
7f502e0c3000-7f502e0c6000 ---p 00000000 00:00 0 
7f502e0c6000-7f502e1c4000 rw-p 00000000 00:00 0 
7f502e1c4000-7f502e1c7000 ---p 00000000 00:00 0 
7f502e1c7000-7f502e2c5000 rw-p 00000000 00:00 0 
7f502e2c5000-7f502e2c8000 ---p 00000000 00:00 0 
7f502e2c8000-7f502e3c6000 rw-p 00000000 00:00 0 
7f502e3c6000-7f502e3c9000 ---p 00000000 00:00 0 
7f502e3c9000-7f502e4c7000 rw-p 00000000 00:00 0                          [stack:20653]
7f502e4e9000-7f502e4ec000 ---p 00000000 00:00 0 
7f502e4ec000-7f502e5ea000 rw-p 00000000 00:00 0                          [stack:8707]
7f502e6eb000-7f502e6ee000 ---p 00000000 00:00 0 
7f502e6ee000-7f502e7ec000 rw-p 00000000 00:00 0                          [stack:8622]
7f502e7ec000-7f502e7ef000 ---p 00000000 00:00 0 
7f502e7ef000-7f502e8ed000 rw-p 00000000 00:00 0                          [stack:8713]
7f502e8ed000-7f502e8f0000 ---p 00000000 00:00 0 
7f502e8f0000-7f502e9ee000 rw-p 00000000 00:00 0                          [stack:8705]
7f502e9ee000-7f502e9f1000 ---p 00000000 00:00 0 
7f502e9f1000-7f502eaef000 rw-p 00000000 00:00 0                          [stack:8626]
7f502eaef000-7f502eaf2000 ---p 00000000 00:00 0 
7f502eaf2000-7f502ebf0000 rw-p 00000000 00:00 0                          [stack:8627]
7f502ebf0000-7f502ebf3000 ---p 00000000 00:00 0 
7f502ebf3000-7f502ecf1000 rw-p 00000000 00:00 0 
7f502ecf1000-7f502ecf4000 ---p 00000000 00:00 0 
7f502ecf4000-7f502edf2000 rw-p 00000000 00:00 0                          [stack:8712]
7f502edf2000-7f502edf5000 ---p 00000000 00:00 0 
7f502edf5000-7f502eef3000 rw-p 00000000 00:00 0                          [stack:8715]
7f502eef3000-7f502eef6000 ---p 00000000 00:00 0 
7f502eef6000-7f502eff4000 rw-p 00000000 00:00 0                          [stack:8623]
7f502eff4000-7f502eff7000 ---p 00000000 00:00 0 
7f502eff7000-7f502f0f5000 rw-p 00000000 00:00 0                          [stack:8704]
7f502f0f5000-7f502f0f8000 ---p 00000000 00:00 0 
7f502f0f8000-7f502f1f6000 rw-p 00000000 00:00 0 
7f502f1f6000-7f502f1f9000 ---p 00000000 00:00 0 
7f502f1f9000-7f502f2f7000 rw-p 00000000 00:00 0                          [stack:8629]
7f502f3a3000-7f502f3a6000 ---p 00000000 00:00 0 
7f502f3a6000-7f502f4a4000 rw-p 00000000 00:00 0 
7f502f4a4000-7f502f4a7000 ---p 00000000 00:00 0 
7f502f4a7000-7f502f5a5000 rw-p 00000000 00:00 0 
7f502f5a5000-7f502f5aa000 r-xp 00000000 08:01 524546                     /lib/x86_64-linux-gnu/libnss_dns-2.19.so
7f502f5aa000-7f502f7a9000 ---p 00005000 08:01 524546                     /lib/x86_64-linux-gnu/libnss_dns-2.19.so
7f502f7a9000-7f502f7aa000 r--p 00004000 08:01 524546                     /lib/x86_64-linux-gnu/libnss_dns-2.19.so
7f502f7aa000-7f502f7ab000 rw-p 00005000 08:01 524546                     /lib/x86_64-linux-gnu/libnss_dns-2.19.so
7f502f7ab000-7f502f7ad000 r-xp 00000000 08:01 528390                     /lib/x86_64-linux-gnu/libnss_mdns4_minimal.so.2
7f502f7ad000-7f502f9ac000 ---p 00002000 08:01 528390                     /lib/x86_64-linux-gnu/libnss_mdns4_minimal.so.2
7f502f9ac000-7f502f9ad000 r--p 00001000 08:01 528390                     /lib/x86_64-linux-gnu/libnss_mdns4_minimal.so.2
7f502f9ad000-7f502f9ae000 rw-p 00002000 08:01 528390                     /lib/x86_64-linux-gnu/libnss_mdns4_minimal.so.2
7f502f9ae000-7f502fd60000 rw-s 00000000 00:04 306380817                  /SYSV00000000 (deleted)
7f502fd60000-7f5034000000 rw-p 00000000 00:00 0 
7f5034000000-7f5034073000 rw-p 00000000 00:00 0 
7f5034073000-7f5038000000 ---p 00000000 00:00 0 
7f5038000000-7f503818a000 rw-p 00000000 00:00 0 
7f503818a000-7f503c000000 ---p 00000000 00:00 0 
7f503c000000-7f503c07a000 rw-p 00000000 00:00 0 
7f503c07a000-7f5040000000 ---p 00000000 00:00 0 
7f504003d000-7f5040040000 ---p 00000000 00:00 0 
7f5040040000-7f504013e000 rw-p 00000000 00:00 0                          [stack:8709]
7f504013e000-7f5040141000 ---p 00000000 00:00 0 
7f5040141000-7f504023f000 rw-p 00000000 00:00 0                          [stack:8621]
7f504023f000-7f5040242000 ---p 00000000 00:00 0 
7f5040242000-7f5040340000 rw-p 00000000 00:00 0                          [stack:4585]
7f5040340000-7f5040343000 ---p 00000000 00:00 0 
7f5040343000-7f5040441000 rw-p 00000000 00:00 0                          [stack:4584]
7f5040441000-7f50404b9000 r-xp 00000000 08:01 1446963                    /usr/lib/x86_64-linux-gnu/nss/libfreebl3.so
7f50404b9000-7f50406b9000 ---p 00078000 08:01 1446963                    /usr/lib/x86_64-linux-gnu/nss/libfreebl3.so
7f50406b9000-7f50406bb000 r--p 00078000 08:01 1446963                    /usr/lib/x86_64-linux-gnu/nss/libfreebl3.so
7f50406bb000-7f50406bc000 rw-p 0007a000 08:01 1446963                    /usr/lib/x86_64-linux-gnu/nss/libfreebl3.so
7f50406bc000-7f50406c0000 rw-p 00000000 00:00 0 
7f50406c0000-7f5040774000 r-xp 00000000 08:01 1050877                    /usr/lib/x86_64-linux-gnu/libsqlite3.so.0.8.6
7f5040774000-7f5040974000 ---p 000b4000 08:01 1050877                    /usr/lib/x86_64-linux-gnu/libsqlite3.so.0.8.6
7f5040974000-7f5040976000 r--p 000b4000 08:01 1050877                    /usr/lib/x86_64-linux-gnu/libsqlite3.so.0.8.6
7f5040976000-7f5040978000 rw-p 000b6000 08:01 1050877                    /usr/lib/x86_64-linux-gnu/libsqlite3.so.0.8.6
7f5040978000-7f5040979000 rw-p 00000000 00:00 0 
7f5040979000-7f50409b9000 r-xp 00000000 08:01 1443279                    /usr/lib/x86_64-linux-gnu/nss/libsoftokn3.so
7f50409b9000-7f5040bb9000 ---p 00040000 08:01 1443279                    /usr/lib/x86_64-linux-gnu/nss/libsoftokn3.so
7f5040bb9000-7f5040bba000 r--p 00040000 08:01 1443279                    /usr/lib/x86_64-linux-gnu/nss/libsoftokn3.so
7f5040bba000-7f5040bbb000 rw-p 00041000 08:01 1443279                    /usr/lib/x86_64-linux-gnu/nss/libsoftokn3.so
7f5040bbb000-7f5040bbe000 ---p 00000000 00:00 0 
7f5040bbe000-7f5040cbc000 rw-p 00000000 00:00 0                          [stack:8711]
7f5040cbc000-7f5040cbf000 ---p 00000000 00:00 0 
7f5040cbf000-7f5040dbd000 rw-p 00000000 00:00 0                          [stack:8624]
7f5040dbd000-7f5040dc0000 ---p 00000000 00:00 0 
7f5040dc0000-7f5040ebe000 rw-p 00000000 00:00 0                          [stack:4849]
7f5040ebe000-7f5040ec1000 ---p 00000000 00:00 0 
7f5040ec1000-7f5040fbf000 rw-p 00000000 00:00 0                          [stack:4091]
7f5040fbf000-7f5040fc2000 ---p 00000000 00:00 0 
7f5040fc2000-7f50410c0000 rw-p 00000000 00:00 0                          [stack:4089]
7f50410c0000-7f50410c3000 ---p 00000000 00:00 0 
7f50410c3000-7f50411c1000 rw-p 00000000 00:00 0                          [stack:3876]
7f50411c1000-7f50411c9000 r-xp 00000000 08:01 1056068                    /usr/lib/x86_64-linux-gnu/libgif.so.4.1.6
7f50411c9000-7f50413c8000 ---p 00008000 08:01 1056068                    /usr/lib/x86_64-linux-gnu/libgif.so.4.1.6
7f50413c8000-7f50413c9000 r--p 00007000 08:01 1056068                    /usr/lib/x86_64-linux-gnu/libgif.so.4.1.6
7f50413c9000-7f50413ca000 rw-p 00008000 08:01 1056068                    /usr/lib/x86_64-linux-gnu/libgif.so.4.1.6
7f5041497000-7f50414da000 r-xp 00000000 08:01 1056870                    /usr/lib/x86_64-linux-gnu/libjpeg.so.8.0.2
7f50414da000-7f50416da000 ---p 00043000 08:01 1056870                    /usr/lib/x86_64-linux-gnu/libjpeg.so.8.0.2
7f50416da000-7f50416db000 r--p 00043000 08:01 1056870                    /usr/lib/x86_64-linux-gnu/libjpeg.so.8.0.2
7f50416db000-7f50416dc000 rw-p 00044000 08:01 1056870                    /usr/lib/x86_64-linux-gnu/libjpeg.so.8.0.2
7f50416dc000-7f50416ec000 rw-p 00000000 00:00 0 
7f5041708000-7f5041712000 r-xp 00000000 08:01 1058976                    /usr/lib/jvm/java-7-openjdk-amd64/jre/lib/amd64/libsplashscreen.so
7f5041712000-7f5041911000 ---p 0000a000 08:01 1058976                    /usr/lib/jvm/java-7-openjdk-amd64/jre/lib/amd64/libsplashscreen.so
7f5041911000-7f5041912000 r--p 00009000 08:01 1058976                    /usr/lib/jvm/java-7-openjdk-amd64/jre/lib/amd64/libsplashscreen.so
7f5041912000-7f5041913000 rw-p 0000a000 08:01 1058976                    /usr/lib/jvm/java-7-openjdk-amd64/jre/lib/amd64/libsplashscreen.so
7f5041913000-7f5041916000 rw-p 00000000 00:00 0 
7f5041916000-7f5041919000 ---p 00000000 00:00 0 
7f5041919000-7f5041a17000 rw-p 00000000 00:00 0                          [stack:3875]
7f5041a49000-7f5041a82000 r-xp 00000000 08:01 1052462                    /usr/lib/x86_64-linux-gnu/libnspr4.so
7f5041a82000-7f5041c81000 ---p 00039000 08:01 1052462                    /usr/lib/x86_64-linux-gnu/libnspr4.so
7f5041c81000-7f5041c82000 r--p 00038000 08:01 1052462                    /usr/lib/x86_64-linux-gnu/libnspr4.so
7f5041c82000-7f5041c83000 rw-p 00039000 08:01 1052462                    /usr/lib/x86_64-linux-gnu/libnspr4.so
7f5041c83000-7f5041c86000 rw-p 00000000 00:00 0 
7f5041c86000-7f5041c89000 r-xp 00000000 08:01 1052461                    /usr/lib/x86_64-linux-gnu/libplds4.so
7f5041c89000-7f5041e88000 ---p 00003000 08:01 1052461                    /usr/lib/x86_64-linux-gnu/libplds4.so
7f5041e88000-7f5041e89000 r--p 00002000 08:01 1052461                    /usr/lib/x86_64-linux-gnu/libplds4.so
7f5041e89000-7f5041e8a000 rw-p 00003000 08:01 1052461                    /usr/lib/x86_64-linux-gnu/libplds4.so
7f5041e8a000-7f5041e8e000 r-xp 00000000 08:01 1052463                    /usr/lib/x86_64-linux-gnu/libplc4.so
7f5041e8e000-7f504208d000 ---p 00004000 08:01 1052463                    /usr/lib/x86_64-linux-gnu/libplc4.so
7f504208d000-7f504208e000 r--p 00003000 08:01 1052463                    /usr/lib/x86_64-linux-gnu/libplc4.so
7f504208e000-7f504208f000 rw-p 00004000 08:01 1052463                    /usr/lib/x86_64-linux-gnu/libplc4.so
7f504208f000-7f50420b4000 r-xp 00000000 08:01 1049079                    /usr/lib/x86_64-linux-gnu/libnssutil3.so
7f50420b4000-7f50422b4000 ---p 00025000 08:01 1049079                    /usr/lib/x86_64-linux-gnu/libnssutil3.so
7f50422b4000-7f50422ba000 r--p 00025000 08:01 1049079                    /usr/lib/x86_64-linux-gnu/libnssutil3.so
7f50422ba000-7f50422bb000 rw-p 0002b000 08:01 1049079                    /usr/lib/x86_64-linux-gnu/libnssutil3.so
7f50422bb000-7f50423ee000 r-xp 00000000 08:01 1049080                    /usr/lib/x86_64-linux-gnu/libnss3.so
7f50423ee000-7f50425ed000 ---p 00133000 08:01 1049080                    /usr/lib/x86_64-linux-gnu/libnss3.so
7f50425ed000-7f50425f2000 r--p 00132000 08:01 1049080                    /usr/lib/x86_64-linux-gnu/libnss3.so
7f50425f2000-7f50425f4000 rw-p 00137000 08:01 1049080                    /usr/lib/x86_64-linux-gnu/libnss3.so
7f50425f4000-7f50425f5000 rw-p 00000000 00:00 0 
7f50425f5000-7f5042605000 r-xp 00000000 08:01 1059043                    /usr/lib/jvm/java-7-openjdk-amd64/jre/lib/amd64/libj2pkcs11.so
7f5042605000-7f5042804000 ---p 00010000 08:01 1059043                    /usr/lib/jvm/java-7-openjdk-amd64/jre/lib/amd64/libj2pkcs11.so
7f5042804000-7f5042805000 r--p 0000f000 08:01 1059043                    /usr/lib/jvm/java-7-openjdk-amd64/jre/lib/amd64/libj2pkcs11.so
7f5042805000-7f5042806000 rw-p 00010000 08:01 1059043                    /usr/lib/jvm/java-7-openjdk-amd64/jre/lib/amd64/libj2pkcs11.so
7f5042806000-7f5042808000 r--s 00018000 08:01 1062067                    /usr/lib/jvm/java-7-openjdk-amd64/jre/lib/jce.jar
7f5042852000-7f5042854000 rw-p 00000000 00:00 0 
7f5042854000-7f5042857000 ---p 00000000 00:00 0 
7f5042857000-7f5042955000 rw-p 00000000 00:00 0 
7f5042955000-7f5042956000 r--s 00000000 08:01 5776464                    /var/cache/fontconfig/087e1975ba9a574b140bb1df193bf770-le64.cache-4
7f5042956000-7f5042964000 r--s 00000000 08:01 5776462                    /var/cache/fontconfig/6aa41aa22e18b8fa06a12da28ea9c28b-le64.cache-4
7f5042964000-7f5042965000 r--s 00000000 08:01 5767423                    /var/cache/fontconfig/c05880de57d1f5e948fdfacc138775d9-le64.cache-4
7f5042965000-7f5042970000 r--s 00000000 08:01 5767417                    /var/cache/fontconfig/945677eb7aeaf62f1d50efc3fb3ec7d8-le64.cache-4
7f5042970000-7f5042976000 r--s 00000000 08:01 5767403                    /var/cache/fontconfig/2cd17615ca594fa2959ae173292e504c-le64.cache-4
7f5042976000-7f5042977000 r--s 00000000 08:01 5767433                    /var/cache/fontconfig/e7071f4a29fa870f4323321c154eba04-le64.cache-4
7f5042977000-7f5042978000 r--s 00000000 08:01 5767400                    /var/cache/fontconfig/0d8c3b2ac0904cb8a57a757ad11a4a08-le64.cache-4
7f5042978000-7f504297f000 r--s 00000000 08:01 5767420                    /var/cache/fontconfig/a755afe4a08bf5b97852ceb7400b47bc-le64.cache-4
7f504297f000-7f5042993000 r--s 00000000 08:01 5767398                    /var/cache/fontconfig/04aabc0a78ac019cf9454389977116d2-le64.cache-4
7f5042993000-7f5042994000 r--s 00000000 08:01 5767402                    /var/cache/fontconfig/1ac9eb803944fde146138c791f5cc56a-le64.cache-4
7f5042994000-7f5042995000 r--s 00000000 08:01 5776460                    /var/cache/fontconfig/b95bc8ffbebda2bbdae4265e45b8178d-le64.cache-4
7f5042995000-7f5042999000 r--s 00000000 08:01 5767406                    /var/cache/fontconfig/385c0604a188198f04d133e54aba7fe7-le64.cache-4
7f5042999000-7f504299a000 r--s 00000000 08:01 5776457                    /var/cache/fontconfig/9c956a7723ca69a44b382d9179c9802f-le64.cache-4
7f504299a000-7f504299b000 r--s 00000000 08:01 5767430                    /var/cache/fontconfig/dc05db6664285cc2f12bf69c139ae4c3-le64.cache-4
7f504299b000-7f504299c000 r--s 00000000 08:01 5776456                    /var/cache/fontconfig/5d1cca7074f29429a8d18692746c2426-le64.cache-4
7f504299c000-7f504299e000 r--s 00000000 08:01 5767414                    /var/cache/fontconfig/767a8244fc0220cfb567a839d0392e0b-le64.cache-4
7f504299e000-7f504299f000 r--s 00000000 08:01 5773764                    /var/cache/fontconfig/4794a0821666d79190d59a36cb4f44b5-le64.cache-4
7f504299f000-7f50429a0000 r--s 00000000 08:01 5776453                    /var/cache/fontconfig/9eae20f1ff8cc0a7d125749e875856bd-le64.cache-4
7f50429a0000-7f50429a2000 r--s 00000000 08:01 5776450                    /var/cache/fontconfig/bf2c1853a9e9b00bb02fe2e9bcf1e201-le64.cache-4
7f50429a2000-7f50429a7000 r--s 00000000 08:01 5767416                    /var/cache/fontconfig/8801497958630a81b71ace7c5f9b32a8-le64.cache-4
7f50429a7000-7f50429ae000 r--s 00000000 08:01 5767404                    /var/cache/fontconfig/3047814df9a2f067bd2d96a2b9c36e5a-le64.cache-4
7f50429ae000-7f50429b2000 r--s 00000000 08:01 5776448                    /var/cache/fontconfig/bf3b770c553c462765856025a94f1ce6-le64.cache-4
7f50429b2000-7f50429b3000 r--s 00000000 08:01 5767410                    /var/cache/fontconfig/56cf4f4769d0f4abc89a4895d7bd3ae1-le64.cache-4
7f50429b3000-7f50429b4000 r--s 00000000 08:01 5767422                    /var/cache/fontconfig/b9d506c9ac06c20b433354fa67a72993-le64.cache-4
7f50429b4000-7f50429ba000 r--s 00000000 08:01 5767421                    /var/cache/fontconfig/b47c4e1ecd0709278f4910c18777a504-le64.cache-4
7f50429ba000-7f50429bd000 r--s 00000000 08:01 5776446                    /var/cache/fontconfig/14d493b97896515cad3840ba4896e372-le64.cache-4
7f50429bd000-7f50429be000 r--s 00000000 08:01 5776440                    /var/cache/fontconfig/89034621ae2a8922916bb6bfa5799546-le64.cache-4
7f50429be000-7f5042a10000 r-xp 00000000 08:01 1059047                    /usr/lib/jvm/java-7-openjdk-amd64/jre/lib/amd64/libfontmanager.so
7f5042a10000-7f5042c0f000 ---p 00052000 08:01 1059047                    /usr/lib/jvm/java-7-openjdk-amd64/jre/lib/amd64/libfontmanager.so
7f5042c0f000-7f5042c12000 r--p 00051000 08:01 1059047                    /usr/lib/jvm/java-7-openjdk-amd64/jre/lib/amd64/libfontmanager.so
7f5042c12000-7f5042c13000 rw-p 00054000 08:01 1059047                    /usr/lib/jvm/java-7-openjdk-amd64/jre/lib/amd64/libfontmanager.so
7f5042c13000-7f5042c16000 ---p 00000000 00:00 0 
7f5042c16000-7f5042d14000 rw-p 00000000 00:00 0                          [stack:3855]
7f5042d14000-7f5042d19000 r-xp 00000000 08:01 1052314                    /usr/lib/x86_64-linux-gnu/libXfixes.so.3.1.0
7f5042d19000-7f5042f18000 ---p 00005000 08:01 1052314                    /usr/lib/x86_64-linux-gnu/libXfixes.so.3.1.0
7f5042f18000-7f5042f19000 r--p 00004000 08:01 1052314                    /usr/lib/x86_64-linux-gnu/libXfixes.so.3.1.0
7f5042f19000-7f5042f1a000 rw-p 00005000 08:01 1052314                    /usr/lib/x86_64-linux-gnu/libXfixes.so.3.1.0
7f5042f1a000-7f5042f23000 r-xp 00000000 08:01 1056277                    /usr/lib/x86_64-linux-gnu/libXcursor.so.1.0.2
7f5042f23000-7f5043122000 ---p 00009000 08:01 1056277                    /usr/lib/x86_64-linux-gnu/libXcursor.so.1.0.2
7f5043122000-7f5043123000 r--p 00008000 08:01 1056277                    /usr/lib/x86_64-linux-gnu/libXcursor.so.1.0.2
7f5043123000-7f5043124000 rw-p 00009000 08:01 1056277                    /usr/lib/x86_64-linux-gnu/libXcursor.so.1.0.2
7f5043124000-7f504313b000 r-xp 00000000 08:01 1059058                    /usr/lib/jvm/java-7-openjdk-amd64/jre/lib/amd64/libnet.so
7f504313b000-7f504333a000 ---p 00017000 08:01 1059058                    /usr/lib/jvm/java-7-openjdk-amd64/jre/lib/amd64/libnet.so
7f504333a000-7f504333b000 r--p 00016000 08:01 1059058                    /usr/lib/jvm/java-7-openjdk-amd64/jre/lib/amd64/libnet.so
7f504333b000-7f504333c000 rw-p 00017000 08:01 1059058                    /usr/lib/jvm/java-7-openjdk-amd64/jre/lib/amd64/libnet.so
7f504333c000-7f504334c000 r-xp 00000000 08:01 1059040                    /usr/lib/jvm/java-7-openjdk-amd64/jre/lib/amd64/libnio.so
7f504334c000-7f504354c000 ---p 00010000 08:01 1059040                    /usr/lib/jvm/java-7-openjdk-amd64/jre/lib/amd64/libnio.so
7f504354c000-7f504354d000 r--p 00010000 08:01 1059040                    /usr/lib/jvm/java-7-openjdk-amd64/jre/lib/amd64/libnio.so
7f504354d000-7f504354e000 rw-p 00011000 08:01 1059040                    /usr/lib/jvm/java-7-openjdk-amd64/jre/lib/amd64/libnio.so
7f504354e000-7f5043552000 r-xp 00000000 08:01 528342                     /lib/x86_64-linux-gnu/libgpg-error.so.0.10.0
7f5043552000-7f5043751000 ---p 00004000 08:01 528342                     /lib/x86_64-linux-gnu/libgpg-error.so.0.10.0
7f5043751000-7f5043752000 r--p 00003000 08:01 528342                     /lib/x86_64-linux-gnu/libgpg-error.so.0.10.0
7f5043752000-7f5043753000 rw-p 00004000 08:01 528342                     /lib/x86_64-linux-gnu/libgpg-error.so.0.10.0
7f5043753000-7f5043755000 r-xp 00000000 08:01 528352                     /lib/x86_64-linux-gnu/libkeyutils.so.1.4
7f5043755000-7f5043955000 ---p 00002000 08:01 528352                     /lib/x86_64-linux-gnu/libkeyutils.so.1.4
7f5043955000-7f5043956000 r--p 00002000 08:01 528352                     /lib/x86_64-linux-gnu/libkeyutils.so.1.4
7f5043956000-7f5043957000 rw-p 00003000 08:01 528352                     /lib/x86_64-linux-gnu/libkeyutils.so.1.4
7f5043957000-7f5043994000 r-xp 00000000 08:01 528327                     /lib/x86_64-linux-gnu/libpcre.so.3.13.1
7f5043994000-7f5043b93000 ---p 0003d000 08:01 528327                     /lib/x86_64-linux-gnu/libpcre.so.3.13.1
7f5043b93000-7f5043b94000 r--p 0003c000 08:01 528327                     /lib/x86_64-linux-gnu/libpcre.so.3.13.1
7f5043b94000-7f5043b95000 rw-p 0003d000 08:01 528327                     /lib/x86_64-linux-gnu/libpcre.so.3.13.1
7f5043b95000-7f5043bba000 r-xp 00000000 08:01 524494                     /lib/x86_64-linux-gnu/libpng12.so.0.50.0
7f5043bba000-7f5043db9000 ---p 00025000 08:01 524494                     /lib/x86_64-linux-gnu/libpng12.so.0.50.0
7f5043db9000-7f5043dba000 r--p 00024000 08:01 524494                     /lib/x86_64-linux-gnu/libpng12.so.0.50.0
7f5043dba000-7f5043dbb000 rw-p 00025000 08:01 524494                     /lib/x86_64-linux-gnu/libpng12.so.0.50.0
7f5043dbb000-7f5043dff000 r-xp 00000000 08:01 528323                     /lib/x86_64-linux-gnu/libdbus-1.so.3.7.6
7f5043dff000-7f5043ffe000 ---p 00044000 08:01 528323                     /lib/x86_64-linux-gnu/libdbus-1.so.3.7.6
7f5043ffe000-7f5043fff000 r--p 00043000 08:01 528323                     /lib/x86_64-linux-gnu/libdbus-1.so.3.7.6
7f5043fff000-7f5044000000 rw-p 00044000 08:01 528323                     /lib/x86_64-linux-gnu/libdbus-1.so.3.7.6
7f5044000000-7f5044073000 rw-p 00000000 00:00 0 
7f5044073000-7f5048000000 ---p 00000000 00:00 0 
7f5048000000-7f5048003000 r--s 00000000 08:01 5776439                    /var/cache/fontconfig/e49e89034d371f0f9de17aab02136486-le64.cache-4
7f5048003000-7f5048005000 r--s 00000000 08:01 5776437                    /var/cache/fontconfig/4b14b093aebc79c320de5e86ae1d3314-le64.cache-4
7f5048005000-7f5048006000 r--s 00000000 08:01 5776433                    /var/cache/fontconfig/8aec10f4cc8391dcef22ca549f1e4354-le64.cache-4
7f5048006000-7f5048019000 r--s 00000000 08:01 5767427                    /var/cache/fontconfig/d52a8644073d54c13679302ca1180695-le64.cache-4
7f5048019000-7f504801a000 r--s 00000000 08:01 5776432                    /var/cache/fontconfig/8a687c406b77f27d99abfeeba937fcce-le64.cache-4
7f504801a000-7f5048023000 r--s 00000000 08:01 5773263                    /var/cache/fontconfig/3f7329c5293ffd510edef78f73874cfd-le64.cache-4
7f5048023000-7f504805e000 r-xp 00000000 08:01 1056997                    /usr/lib/x86_64-linux-gnu/libp11-kit.so.0.0.0
7f504805e000-7f504825d000 ---p 0003b000 08:01 1056997                    /usr/lib/x86_64-linux-gnu/libp11-kit.so.0.0.0
7f504825d000-7f5048263000 r--p 0003a000 08:01 1056997                    /usr/lib/x86_64-linux-gnu/libp11-kit.so.0.0.0
7f5048263000-7f5048265000 rw-p 00040000 08:01 1056997                    /usr/lib/x86_64-linux-gnu/libp11-kit.so.0.0.0
7f5048265000-7f5048277000 r-xp 00000000 08:01 1050863                    /usr/lib/x86_64-linux-gnu/libtasn1.so.6.2.0
7f5048277000-7f5048477000 ---p 00012000 08:01 1050863                    /usr/lib/x86_64-linux-gnu/libtasn1.so.6.2.0
7f5048477000-7f5048478000 r--p 00012000 08:01 1050863                    /usr/lib/x86_64-linux-gnu/libtasn1.so.6.2.0
7f5048478000-7f5048479000 rw-p 00013000 08:01 1050863                    /usr/lib/x86_64-linux-gnu/libtasn1.so.6.2.0
7f5048479000-7f50484f5000 r-xp 00000000 08:01 524327                     /lib/x86_64-linux-gnu/libgcrypt.so.11.8.2
7f50484f5000-7f50486f5000 ---p 0007c000 08:01 524327                     /lib/x86_64-linux-gnu/libgcrypt.so.11.8.2
7f50486f5000-7f50486f6000 r--p 0007c000 08:01 524327                     /lib/x86_64-linux-gnu/libgcrypt.so.11.8.2
7f50486f6000-7f50486f9000 rw-p 0007d000 08:01 524327                     /lib/x86_64-linux-gnu/libgcrypt.so.11.8.2
7f50486f9000-7f5048703000 r-xp 00000000 08:01 1051969                    /usr/lib/x86_64-linux-gnu/libkrb5support.so.0.1
7f5048703000-7f5048902000 ---p 0000a000 08:01 1051969                    /usr/lib/x86_64-linux-gnu/libkrb5support.so.0.1
7f5048902000-7f5048903000 r--p 00009000 08:01 1051969                    /usr/lib/x86_64-linux-gnu/libkrb5support.so.0.1
7f5048903000-7f5048904000 rw-p 0000a000 08:01 1051969                    /usr/lib/x86_64-linux-gnu/libkrb5support.so.0.1
7f5048904000-7f5048907000 r-xp 00000000 08:01 528300                     /lib/x86_64-linux-gnu/libcom_err.so.2.1
7f5048907000-7f5048b06000 ---p 00003000 08:01 528300                     /lib/x86_64-linux-gnu/libcom_err.so.2.1
7f5048b06000-7f5048b07000 r--p 00002000 08:01 528300                     /lib/x86_64-linux-gnu/libcom_err.so.2.1
7f5048b07000-7f5048b08000 rw-p 00003000 08:01 528300                     /lib/x86_64-linux-gnu/libcom_err.so.2.1
7f5048b08000-7f5048b34000 r-xp 00000000 08:01 1051532                    /usr/lib/x86_64-linux-gnu/libk5crypto.so.3.1
7f5048b34000-7f5048d33000 ---p 0002c000 08:01 1051532                    /usr/lib/x86_64-linux-gnu/libk5crypto.so.3.1
7f5048d33000-7f5048d35000 r--p 0002b000 08:01 1051532                    /usr/lib/x86_64-linux-gnu/libk5crypto.so.3.1
7f5048d35000-7f5048d36000 rw-p 0002d000 08:01 1051532                    /usr/lib/x86_64-linux-gnu/libk5crypto.so.3.1
7f5048d36000-7f5048d37000 rw-p 00000000 00:00 0 
7f5048d37000-7f5048df3000 r-xp 00000000 08:01 1051967                    /usr/lib/x86_64-linux-gnu/libkrb5.so.3.3
7f5048df3000-7f5048ff3000 ---p 000bc000 08:01 1051967                    /usr/lib/x86_64-linux-gnu/libkrb5.so.3.3
7f5048ff3000-7f5049000000 r--p 000bc000 08:01 1051967                    /usr/lib/x86_64-linux-gnu/libkrb5.so.3.3
7f5049000000-7f5049002000 rw-p 000c9000 08:01 1051967                    /usr/lib/x86_64-linux-gnu/libkrb5.so.3.3
7f5049002000-7f5049007000 r-xp 00000000 08:01 1056281                    /usr/lib/x86_64-linux-gnu/libXdmcp.so.6.0.0
7f5049007000-7f5049206000 ---p 00005000 08:01 1056281                    /usr/lib/x86_64-linux-gnu/libXdmcp.so.6.0.0
7f5049206000-7f5049207000 r--p 00004000 08:01 1056281                    /usr/lib/x86_64-linux-gnu/libXdmcp.so.6.0.0
7f5049207000-7f5049208000 rw-p 00005000 08:01 1056281                    /usr/lib/x86_64-linux-gnu/libXdmcp.so.6.0.0
7f5049208000-7f504920a000 r-xp 00000000 08:01 1056270                    /usr/lib/x86_64-linux-gnu/libXau.so.6.0.0
7f504920a000-7f504940a000 ---p 00002000 08:01 1056270                    /usr/lib/x86_64-linux-gnu/libXau.so.6.0.0
7f504940a000-7f504940b000 r--p 00002000 08:01 1056270                    /usr/lib/x86_64-linux-gnu/libXau.so.6.0.0
7f504940b000-7f504940c000 rw-p 00003000 08:01 1056270                    /usr/lib/x86_64-linux-gnu/libXau.so.6.0.0
7f504940c000-7f5049413000 r-xp 00000000 08:01 1054916                    /usr/lib/x86_64-linux-gnu/libffi.so.6.0.1
7f5049413000-7f5049612000 ---p 00007000 08:01 1054916                    /usr/lib/x86_64-linux-gnu/libffi.so.6.0.1
7f5049612000-7f5049613000 r--p 00006000 08:01 1054916                    /usr/lib/x86_64-linux-gnu/libffi.so.6.0.1
7f5049613000-7f5049614000 rw-p 00007000 08:01 1054916                    /usr/lib/x86_64-linux-gnu/libffi.so.6.0.1
7f5049614000-7f504962b000 r-xp 00000000 08:01 524380                     /lib/x86_64-linux-gnu/libresolv-2.19.so
7f504962b000-7f504982b000 ---p 00017000 08:01 524380                     /lib/x86_64-linux-gnu/libresolv-2.19.so
7f504982b000-7f504982c000 r--p 00017000 08:01 524380                     /lib/x86_64-linux-gnu/libresolv-2.19.so
7f504982c000-7f504982d000 rw-p 00018000 08:01 524380                     /lib/x86_64-linux-gnu/libresolv-2.19.so
7f504982d000-7f504982f000 rw-p 00000000 00:00 0 
7f504982f000-7f504984f000 r-xp 00000000 08:01 528439                     /lib/x86_64-linux-gnu/libselinux.so.1
7f504984f000-7f5049a4e000 ---p 00020000 08:01 528439                     /lib/x86_64-linux-gnu/libselinux.so.1
7f5049a4e000-7f5049a4f000 r--p 0001f000 08:01 528439                     /lib/x86_64-linux-gnu/libselinux.so.1
7f5049a4f000-7f5049a50000 rw-p 00020000 08:01 528439                     /lib/x86_64-linux-gnu/libselinux.so.1
7f5049a50000-7f5049a52000 rw-p 00000000 00:00 0 
7f5049a52000-7f5049b58000 r-xp 00000000 08:01 528340                     /lib/x86_64-linux-gnu/libglib-2.0.so.0.4002.0
7f5049b58000-7f5049d57000 ---p 00106000 08:01 528340                     /lib/x86_64-linux-gnu/libglib-2.0.so.0.4002.0
7f5049d57000-7f5049d58000 r--p 00105000 08:01 528340                     /lib/x86_64-linux-gnu/libglib-2.0.so.0.4002.0
7f5049d58000-7f5049d59000 rw-p 00106000 08:01 528340                     /lib/x86_64-linux-gnu/libglib-2.0.so.0.4002.0
7f5049d59000-7f5049d5a000 rw-p 00000000 00:00 0 
7f5049d5a000-7f5049d5d000 r-xp 00000000 08:01 1056665                    /usr/lib/x86_64-linux-gnu/libgmodule-2.0.so.0.4002.0
7f5049d5d000-7f5049f5c000 ---p 00003000 08:01 1056665                    /usr/lib/x86_64-linux-gnu/libgmodule-2.0.so.0.4002.0
7f5049f5c000-7f5049f5d000 r--p 00002000 08:01 1056665                    /usr/lib/x86_64-linux-gnu/libgmodule-2.0.so.0.4002.0
7f5049f5d000-7f5049f5e000 rw-p 00003000 08:01 1056665                    /usr/lib/x86_64-linux-gnu/libgmodule-2.0.so.0.4002.0
7f5049f5e000-7f5049f85000 r-xp 00000000 08:01 528333                     /lib/x86_64-linux-gnu/libexpat.so.1.6.0
7f5049f85000-7f504a185000 ---p 00027000 08:01 528333                     /lib/x86_64-linux-gnu/libexpat.so.1.6.0
7f504a185000-7f504a187000 r--p 00027000 08:01 528333                     /lib/x86_64-linux-gnu/libexpat.so.1.6.0
7f504a187000-7f504a188000 rw-p 00029000 08:01 528333                     /lib/x86_64-linux-gnu/libexpat.so.1.6.0
7f504a188000-7f504a225000 r-xp 00000000 08:01 1048858                    /usr/lib/x86_64-linux-gnu/libfreetype.so.6.11.1
7f504a225000-7f504a424000 ---p 0009d000 08:01 1048858                    /usr/lib/x86_64-linux-gnu/libfreetype.so.6.11.1
7f504a424000-7f504a42a000 r--p 0009c000 08:01 1048858                    /usr/lib/x86_64-linux-gnu/libfreetype.so.6.11.1
7f504a42a000-7f504a42b000 rw-p 000a2000 08:01 1048858                    /usr/lib/x86_64-linux-gnu/libfreetype.so.6.11.1
7f504a42b000-7f504a43a000 r-xp 00000000 08:01 1056374                    /usr/lib/x86_64-linux-gnu/libavahi-client.so.3.2.9
7f504a43a000-7f504a63a000 ---p 0000f000 08:01 1056374                    /usr/lib/x86_64-linux-gnu/libavahi-client.so.3.2.9
7f504a63a000-7f504a63b000 r--p 0000f000 08:01 1056374                    /usr/lib/x86_64-linux-gnu/libavahi-client.so.3.2.9
7f504a63b000-7f504a63c000 rw-p 00010000 08:01 1056374                    /usr/lib/x86_64-linux-gnu/libavahi-client.so.3.2.9
7f504a63c000-7f504a647000 r-xp 00000000 08:01 1056376                    /usr/lib/x86_64-linux-gnu/libavahi-common.so.3.5.3
7f504a647000-7f504a846000 ---p 0000b000 08:01 1056376                    /usr/lib/x86_64-linux-gnu/libavahi-common.so.3.5.3
7f504a846000-7f504a847000 r--p 0000a000 08:01 1056376                    /usr/lib/x86_64-linux-gnu/libavahi-common.so.3.5.3
7f504a847000-7f504a848000 rw-p 0000b000 08:01 1056376                    /usr/lib/x86_64-linux-gnu/libavahi-common.so.3.5.3
7f504a848000-7f504a8ff000 r-xp 00000000 08:01 1049804                    /usr/lib/x86_64-linux-gnu/libgnutls.so.26.22.6
7f504a8ff000-7f504aafe000 ---p 000b7000 08:01 1049804                    /usr/lib/x86_64-linux-gnu/libgnutls.so.26.22.6
7f504aafe000-7f504ab04000 r--p 000b6000 08:01 1049804                    /usr/lib/x86_64-linux-gnu/libgnutls.so.26.22.6
7f504ab04000-7f504ab05000 rw-p 000bc000 08:01 1049804                    /usr/lib/x86_64-linux-gnu/libgnutls.so.26.22.6
7f504ab05000-7f504ab06000 rw-p 00000000 00:00 0 
7f504ab06000-7f504ab4a000 r-xp 00000000 08:01 1051965                    /usr/lib/x86_64-linux-gnu/libgssapi_krb5.so.2.2
7f504ab4a000-7f504ad4a000 ---p 00044000 08:01 1051965                    /usr/lib/x86_64-linux-gnu/libgssapi_krb5.so.2.2
7f504ad4a000-7f504ad4b000 r--p 00044000 08:01 1051965                    /usr/lib/x86_64-linux-gnu/libgssapi_krb5.so.2.2
7f504ad4b000-7f504ad4d000 rw-p 00045000 08:01 1051965                    /usr/lib/x86_64-linux-gnu/libgssapi_krb5.so.2.2
7f504ad4d000-7f504ad6a000 r-xp 00000000 08:01 1057338                    /usr/lib/x86_64-linux-gnu/libxcb.so.1.1.0
7f504ad6a000-7f504af6a000 ---p 0001d000 08:01 1057338                    /usr/lib/x86_64-linux-gnu/libxcb.so.1.1.0
7f504af6a000-7f504af6b000 r--p 0001d000 08:01 1057338                    /usr/lib/x86_64-linux-gnu/libxcb.so.1.1.0
7f504af6b000-7f504af6c000 rw-p 0001e000 08:01 1057338                    /usr/lib/x86_64-linux-gnu/libxcb.so.1.1.0
7f504af6c000-7f504afbb000 r-xp 00000000 08:01 1056681                    /usr/lib/x86_64-linux-gnu/libgobject-2.0.so.0.4002.0
7f504afbb000-7f504b1bb000 ---p 0004f000 08:01 1056681                    /usr/lib/x86_64-linux-gnu/libgobject-2.0.so.0.4002.0
7f504b1bb000-7f504b1bc000 r--p 0004f000 08:01 1056681                    /usr/lib/x86_64-linux-gnu/libgobject-2.0.so.0.4002.0
7f504b1bc000-7f504b1bd000 rw-p 00050000 08:01 1056681                    /usr/lib/x86_64-linux-gnu/libgobject-2.0.so.0.4002.0
7f504b1bd000-7f504b329000 r-xp 00000000 08:01 1056653                    /usr/lib/x86_64-linux-gnu/libgio-2.0.so.0.4002.0
7f504b329000-7f504b528000 ---p 0016c000 08:01 1056653                    /usr/lib/x86_64-linux-gnu/libgio-2.0.so.0.4002.0
7f504b528000-7f504b52c000 r--p 0016b000 08:01 1056653                    /usr/lib/x86_64-linux-gnu/libgio-2.0.so.0.4002.0
7f504b52c000-7f504b52e000 rw-p 0016f000 08:01 1056653                    /usr/lib/x86_64-linux-gnu/libgio-2.0.so.0.4002.0
7f504b52e000-7f504b530000 rw-p 00000000 00:00 0 
7f504b530000-7f504b56a000 r-xp 00000000 08:01 1056566                    /usr/lib/x86_64-linux-gnu/libfontconfig.so.1.8.0
7f504b56a000-7f504b769000 ---p 0003a000 08:01 1056566                    /usr/lib/x86_64-linux-gnu/libfontconfig.so.1.8.0
7f504b769000-7f504b76b000 r--p 00039000 08:01 1056566                    /usr/lib/x86_64-linux-gnu/libfontconfig.so.1.8.0
7f504b76b000-7f504b76c000 rw-p 0003b000 08:01 1056566                    /usr/lib/x86_64-linux-gnu/libfontconfig.so.1.8.0
7f504b76c000-7f504b7d8000 r-xp 00000000 08:01 1049248                    /usr/lib/x86_64-linux-gnu/libcups.so.2
7f504b7d8000-7f504b9d8000 ---p 0006c000 08:01 1049248                    /usr/lib/x86_64-linux-gnu/libcups.so.2
7f504b9d8000-7f504b9df000 r--p 0006c000 08:01 1049248                    /usr/lib/x86_64-linux-gnu/libcups.so.2
7f504b9df000-7f504b9e0000 rw-p 00073000 08:01 1049248                    /usr/lib/x86_64-linux-gnu/libcups.so.2
7f504b9e0000-7f504b9ef000 r-xp 00000000 08:01 1052414                    /usr/lib/x86_64-linux-gnu/libXi.so.6.1.0
7f504b9ef000-7f504bbee000 ---p 0000f000 08:01 1052414                    /usr/lib/x86_64-linux-gnu/libXi.so.6.1.0
7f504bbee000-7f504bbef000 r--p 0000e000 08:01 1052414                    /usr/lib/x86_64-linux-gnu/libXi.so.6.1.0
7f504bbef000-7f504bbf0000 rw-p 0000f000 08:01 1052414                    /usr/lib/x86_64-linux-gnu/libXi.so.6.1.0
7f504bbf0000-7f504bbf5000 r-xp 00000000 08:01 1056311                    /usr/lib/x86_64-linux-gnu/libXtst.so.6.1.0
7f504bbf5000-7f504bdf4000 ---p 00005000 08:01 1056311                    /usr/lib/x86_64-linux-gnu/libXtst.so.6.1.0
7f504bdf4000-7f504bdf5000 r--p 00004000 08:01 1056311                    /usr/lib/x86_64-linux-gnu/libXtst.so.6.1.0
7f504bdf5000-7f504bdf6000 rw-p 00005000 08:01 1056311                    /usr/lib/x86_64-linux-gnu/libXtst.so.6.1.0
7f504bdf6000-7f504bdff000 r-xp 00000000 08:01 1049056                    /usr/lib/x86_64-linux-gnu/libXrender.so.1.3.0
7f504bdff000-7f504bffe000 ---p 00009000 08:01 1049056                    /usr/lib/x86_64-linux-gnu/libXrender.so.1.3.0
7f504bffe000-7f504bfff000 r--p 00008000 08:01 1049056                    /usr/lib/x86_64-linux-gnu/libXrender.so.1.3.0
7f504bfff000-7f504c000000 rw-p 00009000 08:01 1049056                    /usr/lib/x86_64-linux-gnu/libXrender.so.1.3.0
7f504c000000-7f504c072000 rw-p 00000000 00:00 0 
7f504c072000-7f5050000000 ---p 00000000 00:00 0 
7f5050000000-7f5050001000 r--s 00000000 08:01 5776431                    /var/cache/fontconfig/ac2cf712d852da827a87a9baf682f5b9-le64.cache-4
7f5050001000-7f5050003000 r--s 00000000 08:01 5776427                    /var/cache/fontconfig/65f976e5259cbe6dc7697b8648396239-le64.cache-4
7f5050003000-7f505000e000 r--s 00000000 08:01 5776243                    /var/cache/fontconfig/d589a48862398ed80a3d6066f4f56f4c-le64.cache-4
7f505000e000-7f505000f000 r--s 00000000 08:01 5776425                    /var/cache/fontconfig/94f7fe9bd33aadfac165873bd010d595-le64.cache-4
7f505000f000-7f5050011000 r--s 00000000 08:01 5776424                    /var/cache/fontconfig/423767150eb258c59035de29db6fca84-le64.cache-4
7f5050011000-7f5050012000 r--s 00000000 08:01 5776419                    /var/cache/fontconfig/845c20fd2c4814bcec78e05d37a63ccc-le64.cache-4
7f5050012000-7f5050013000 r--s 00000000 08:01 5776416                    /var/cache/fontconfig/e7de81b01590fb7e12b38e274e17d0db-le64.cache-4
7f5050013000-7f5050014000 r--s 00000000 08:01 5776415                    /var/cache/fontconfig/406a1d2d2bf3ed7664fbadefac0b2f66-le64.cache-4
7f5050014000-7f505001e000 r--s 00000000 08:01 5776408                    /var/cache/fontconfig/198d8fcf01c96d0cf813f74fd759bdb7-le64.cache-4
7f505001e000-7f5050029000 r--s 00000000 08:01 5776404                    /var/cache/fontconfig/83bf95040141907cd45bb53cf7c1c148-le64.cache-4
7f5050029000-7f5050030000 r--s 00000000 08:01 5776391                    /var/cache/fontconfig/53d14c92082a93e67d5078324eb314ca-le64.cache-4
7f5050030000-7f5050043000 r--s 00000000 08:01 5776382                    /var/cache/fontconfig/4ac51e5cfbc76fc3f983e470323a16d3-le64.cache-4
7f5050043000-7f5050064000 r--s 00000000 08:01 5776370                    /var/cache/fontconfig/e13b20fdb08344e0e664864cc2ede53d-le64.cache-4
7f5050064000-7f5050082000 r--s 00000000 08:01 5773776                    /var/cache/fontconfig/467c019e582ee353435ea5c21d137ef6-le64.cache-4
7f5050082000-7f5050085000 ---p 00000000 00:00 0 
7f5050085000-7f5050183000 rw-p 00000000 00:00 0                          [stack:3854]
7f5050183000-7f50502b3000 r-xp 00000000 08:01 1056266                    /usr/lib/x86_64-linux-gnu/libX11.so.6.3.0
7f50502b3000-7f50504b3000 ---p 00130000 08:01 1056266                    /usr/lib/x86_64-linux-gnu/libX11.so.6.3.0
7f50504b3000-7f50504b4000 r--p 00130000 08:01 1056266                    /usr/lib/x86_64-linux-gnu/libX11.so.6.3.0
7f50504b4000-7f50504b8000 rw-p 00131000 08:01 1056266                    /usr/lib/x86_64-linux-gnu/libX11.so.6.3.0
7f50504b8000-7f50504c9000 r-xp 00000000 08:01 1049784                    /usr/lib/x86_64-linux-gnu/libXext.so.6.4.0
7f50504c9000-7f50506c8000 ---p 00011000 08:01 1049784                    /usr/lib/x86_64-linux-gnu/libXext.so.6.4.0
7f50506c8000-7f50506c9000 r--p 00010000 08:01 1049784                    /usr/lib/x86_64-linux-gnu/libXext.so.6.4.0
7f50506c9000-7f50506ca000 rw-p 00011000 08:01 1049784                    /usr/lib/x86_64-linux-gnu/libXext.so.6.4.0
7f50506ca000-7f50506cc000 r--s 00000000 08:01 5776410                    /var/cache/fontconfig/67709b7835c0f764c1135060c9575660-le64.cache-4
7f50506cc000-7f50506cd000 r--s 00000000 08:01 5767399                    /var/cache/fontconfig/0c9eb80ebd1c36541ebe2852d3bb0c49-le64.cache-4
7f50506cd000-7f50506d1000 r--s 00000000 08:01 5776390                    /var/cache/fontconfig/6c08beecf0dac481ec92e759e0c2e6d7-le64.cache-4
7f50506d1000-7f50506d5000 r--s 00000000 08:01 5776386                    /var/cache/fontconfig/4d6aee6d44eccb37054d3216e945f618-le64.cache-4
7f50506d5000-7f50506d9000 r--s 00000000 08:01 5776385                    /var/cache/fontconfig/d6c6df98c3df5faf9bd0f8ef4d91efe5-le64.cache-4
7f50506d9000-7f50506e6000 r--s 00000000 08:01 5773778                    /var/cache/fontconfig/8f02d4cb045bd6ce15663e43f347c9f8-le64.cache-4
7f50506e6000-7f505072e000 r-xp 00000000 08:01 1058974                    /usr/lib/jvm/java-7-openjdk-amd64/jre/lib/amd64/xawt/libmawt.so
7f505072e000-7f505092d000 ---p 00048000 08:01 1058974                    /usr/lib/jvm/java-7-openjdk-amd64/jre/lib/amd64/xawt/libmawt.so
7f505092d000-7f505092e000 r--p 00047000 08:01 1058974                    /usr/lib/jvm/java-7-openjdk-amd64/jre/lib/amd64/xawt/libmawt.so
7f505092e000-7f5050931000 rw-p 00048000 08:01 1058974                    /usr/lib/jvm/java-7-openjdk-amd64/jre/lib/amd64/xawt/libmawt.so
7f5050931000-7f5050932000 rw-p 00000000 00:00 0 
7f5050932000-7f50509d2000 r-xp 00000000 08:01 1059031                    /usr/lib/jvm/java-7-openjdk-amd64/jre/lib/amd64/libawt.so
7f50509d2000-7f5050bd2000 ---p 000a0000 08:01 1059031                    /usr/lib/jvm/java-7-openjdk-amd64/jre/lib/amd64/libawt.so
7f5050bd2000-7f5050bd3000 r--p 000a0000 08:01 1059031                    /usr/lib/jvm/java-7-openjdk-amd64/jre/lib/amd64/libawt.so
7f5050bd3000-7f5050bde000 rw-p 000a1000 08:01 1059031                    /usr/lib/jvm/java-7-openjdk-amd64/jre/lib/amd64/libawt.so
7f5050bde000-7f5050c03000 rw-p 00000000 00:00 0 
7f5050c03000-7f5050c06000 ---p 00000000 00:00 0 
7f5050c06000-7f5050d04000 rw-p 00000000 00:00 0                          [stack:3827]
7f5050d04000-7f5050d07000 ---p 00000000 00:00 0 
7f5050d07000-7f5050e05000 rw-p 00000000 00:00 0 
7f5050e05000-7f5050e60000 r--s 008d4000 08:01 22152154                   /home/sunil/Tools/Burpsuite_pro_v1.6beta/burpsuite_pro_v1.6beta.jar
7f5050e60000-7f5050e68000 r-xp 00000000 08:01 1059045                    /usr/lib/jvm/java-7-openjdk-amd64/jre/lib/amd64/libmanagement.so
7f5050e68000-7f5051067000 ---p 00008000 08:01 1059045                    /usr/lib/jvm/java-7-openjdk-amd64/jre/lib/amd64/libmanagement.so
7f5051067000-7f5051068000 r--p 00007000 08:01 1059045                    /usr/lib/jvm/java-7-openjdk-amd64/jre/lib/amd64/libmanagement.so
7f5051068000-7f5051069000 rw-p 00008000 08:01 1059045                    /usr/lib/jvm/java-7-openjdk-amd64/jre/lib/amd64/libmanagement.so
7f5051069000-7f505106a000 ---p 00000000 00:00 0 
7f505106a000-7f505116a000 rw-p 00000000 00:00 0 
7f505116a000-7f505116d000 ---p 00000000 00:00 0 
7f505116d000-7f505126b000 rw-p 00000000 00:00 0                          [stack:3775]
7f505126b000-7f505126e000 ---p 00000000 00:00 0 
7f505126e000-7f505136c000 rw-p 00000000 00:00 0                          [stack:3774]
7f505136c000-7f505136f000 ---p 00000000 00:00 0 
7f505136f000-7f505146d000 rw-p 00000000 00:00 0                          [stack:3773]
7f505146d000-7f5051470000 ---p 00000000 00:00 0 
7f5051470000-7f505156e000 rw-p 00000000 00:00 0                          [stack:3772]
7f505156e000-7f5051c50000 r--p 00000000 08:01 1055284                    /usr/lib/locale/locale-archive
7f5051c50000-7f5051c53000 ---p 00000000 00:00 0 
7f5051c53000-7f5051d51000 rw-p 00000000 00:00 0                          [stack:3767]
7f5051d51000-7f5051d54000 ---p 00000000 00:00 0 
7f5051d54000-7f5051e52000 rw-p 00000000 00:00 0                          [stack:3766]
7f5051e52000-7f5051e53000 ---p 00000000 00:00 0 
7f5051e53000-7f5052e62000 rw-p 00000000 00:00 0                          [stack:3765]
7f5052e62000-7f5053014000 r--s 01d2f000 08:01 1059024                    /usr/lib/jvm/java-7-openjdk-amd64/jre/lib/rt.jar
7f5053014000-7f50534b4000 rw-p 00000000 00:00 0 
7f50534b4000-7f50534b5000 ---p 00000000 00:00 0 
7f50534b5000-7f50535b5000 rw-p 00000000 00:00 0                          [stack:3757]
7f50535b5000-7f50535b6000 ---p 00000000 00:00 0 
7f50535b6000-7f50536b6000 rw-p 00000000 00:00 0                          [stack:3756]
7f50536b6000-7f50536b7000 ---p 00000000 00:00 0 
7f50536b7000-7f50537b7000 rw-p 00000000 00:00 0                          [stack:3755]
7f50537b7000-7f50537b8000 ---p 00000000 00:00 0 
7f50537b8000-7f5053932000 rw-p 00000000 00:00 0                          [stack:3754]
7f5053932000-7f5053950000 ---p 00000000 00:00 0 
7f5053950000-7f5053b48000 rw-p 00000000 00:00 0 
7f5053b48000-7f5053b61000 rw-p 00000000 00:00 0 
7f5053b61000-7f5053b6d000 ---p 00000000 00:00 0 
7f5053b6d000-7f5053b9b000 rw-p 00000000 00:00 0 
7f5053b9b000-7f5053c15000 rw-p 00000000 00:00 0 
7f5053c15000-7f5053c33000 ---p 00000000 00:00 0 
7f5053c33000-7f5053e2a000 rw-p 00000000 00:00 0 
7f5053e2a000-7f5053e67000 rw-p 00000000 00:00 0 
7f5053e67000-7f5053f72000 ---p 00000000 00:00 0 
7f5053f72000-7f5053f73000 rw-p 00000000 00:00 0 
7f5053f73000-7f5054943000 rwxp 00000000 00:00 0 
7f5054943000-7f5056f73000 rw-p 00000000 00:00 0 
7f5056f73000-7f5056f7b000 r-xp 00000000 08:01 1059033                    /usr/lib/jvm/java-7-openjdk-amd64/jre/lib/amd64/libzip.so
7f5056f7b000-7f505717a000 ---p 00008000 08:01 1059033                    /usr/lib/jvm/java-7-openjdk-amd64/jre/lib/amd64/libzip.so
7f505717a000-7f505717b000 r--p 00007000 08:01 1059033                    /usr/lib/jvm/java-7-openjdk-amd64/jre/lib/amd64/libzip.so
7f505717b000-7f505717c000 rw-p 00008000 08:01 1059033                    /usr/lib/jvm/java-7-openjdk-amd64/jre/lib/amd64/libzip.so
7f505717c000-7f5057187000 r-xp 00000000 08:01 524552                     /lib/x86_64-linux-gnu/libnss_files-2.19.so
7f5057187000-7f5057386000 ---p 0000b000 08:01 524552                     /lib/x86_64-linux-gnu/libnss_files-2.19.so
7f5057386000-7f5057387000 r--p 0000a000 08:01 524552                     /lib/x86_64-linux-gnu/libnss_files-2.19.so
7f5057387000-7f5057388000 rw-p 0000b000 08:01 524552                     /lib/x86_64-linux-gnu/libnss_files-2.19.so
7f5057388000-7f5057393000 r-xp 00000000 08:01 524544                     /lib/x86_64-linux-gnu/libnss_nis-2.19.so
7f5057393000-7f5057592000 ---p 0000b000 08:01 524544                     /lib/x86_64-linux-gnu/libnss_nis-2.19.so
7f5057592000-7f5057593000 r--p 0000a000 08:01 524544                     /lib/x86_64-linux-gnu/libnss_nis-2.19.so
7f5057593000-7f5057594000 rw-p 0000b000 08:01 524544                     /lib/x86_64-linux-gnu/libnss_nis-2.19.so
7f5057594000-7f50575ab000 r-xp 00000000 08:01 524540                     /lib/x86_64-linux-gnu/libnsl-2.19.so
7f50575ab000-7f50577aa000 ---p 00017000 08:01 524540                     /lib/x86_64-linux-gnu/libnsl-2.19.so
7f50577aa000-7f50577ab000 r--p 00016000 08:01 524540                     /lib/x86_64-linux-gnu/libnsl-2.19.so
7f50577ab000-7f50577ac000 rw-p 00017000 08:01 524540                     /lib/x86_64-linux-gnu/libnsl-2.19.so
7f50577ac000-7f50577ae000 rw-p 00000000 00:00 0 
7f50577ae000-7f50577b7000 r-xp 00000000 08:01 524539                     /lib/x86_64-linux-gnu/libnss_compat-2.19.so
7f50577b7000-7f50579b6000 ---p 00009000 08:01 524539                     /lib/x86_64-linux-gnu/libnss_compat-2.19.so
7f50579b6000-7f50579b7000 r--p 00008000 08:01 524539                     /lib/x86_64-linux-gnu/libnss_compat-2.19.so
7f50579b7000-7f50579b8000 rw-p 00009000 08:01 524539                     /lib/x86_64-linux-gnu/libnss_compat-2.19.so
7f50579b8000-7f50579e3000 r-xp 00000000 08:01 1059054                    /usr/lib/jvm/java-7-openjdk-amd64/jre/lib/amd64/libjava.so
7f50579e3000-7f5057be3000 ---p 0002b000 08:01 1059054                    /usr/lib/jvm/java-7-openjdk-amd64/jre/lib/amd64/libjava.so
7f5057be3000-7f5057be4000 r--p 0002b000 08:01 1059054                    /usr/lib/jvm/java-7-openjdk-amd64/jre/lib/amd64/libjava.so
7f5057be4000-7f5057be6000 rw-p 0002c000 08:01 1059054                    /usr/lib/jvm/java-7-openjdk-amd64/jre/lib/amd64/libjava.so
7f5057be6000-7f5057bf6000 r-xp 00000000 08:01 1059038                    /usr/lib/jvm/java-7-openjdk-amd64/jre/lib/amd64/libverify.so
7f5057bf6000-7f5057df5000 ---p 00010000 08:01 1059038                    /usr/lib/jvm/java-7-openjdk-amd64/jre/lib/amd64/libverify.so
7f5057df5000-7f5057df7000 r--p 0000f000 08:01 1059038                    /usr/lib/jvm/java-7-openjdk-amd64/jre/lib/amd64/libverify.so
7f5057df7000-7f5057df8000 rw-p 00011000 08:01 1059038                    /usr/lib/jvm/java-7-openjdk-amd64/jre/lib/amd64/libverify.so
7f5057df8000-7f5057dff000 r-xp 00000000 08:01 524548                     /lib/x86_64-linux-gnu/librt-2.19.so
7f5057dff000-7f5057ffe000 ---p 00007000 08:01 524548                     /lib/x86_64-linux-gnu/librt-2.19.so
7f5057ffe000-7f5057fff000 r--p 00006000 08:01 524548                     /lib/x86_64-linux-gnu/librt-2.19.so
7f5057fff000-7f5058000000 rw-p 00007000 08:01 524548                     /lib/x86_64-linux-gnu/librt-2.19.so
7f5058000000-7f5058938000 rw-p 00000000 00:00 0 
7f5058938000-7f505c000000 ---p 00000000 00:00 0 
7f505c000000-7f505c002000 r--s 00000000 08:01 5776394                    /var/cache/fontconfig/6e6b34ae150a7ad95e82fb4a522f0bda-le64.cache-4
7f505c002000-7f505c006000 r--s 00000000 08:01 5776383                    /var/cache/fontconfig/9fb319ef52839f11ee26ab8b4cffa12b-le64.cache-4
7f505c006000-7f505c009000 r--s 00000000 08:01 5776378                    /var/cache/fontconfig/c19b55eb3b4c5b40ea175e31682068a5-le64.cache-4
7f505c009000-7f505c00c000 r--s 00000000 08:01 5776375                    /var/cache/fontconfig/de83a0a961185c8bd1f159015d56c039-le64.cache-4
7f505c00c000-7f505c017000 r--s 00203000 08:01 1059004                    /usr/lib/jvm/java-7-openjdk-amd64/jre/lib/charsets.jar
7f505c017000-7f505c0fe000 rw-p 00000000 00:00 0 
7f505c0fe000-7f505c10a000 ---p 00000000 00:00 0 
7f505c10a000-7f505c138000 rw-p 00000000 00:00 0 
7f505c138000-7f505c14e000 r-xp 00000000 08:01 524490                     /lib/x86_64-linux-gnu/libgcc_s.so.1
7f505c14e000-7f505c34d000 ---p 00016000 08:01 524490                     /lib/x86_64-linux-gnu/libgcc_s.so.1
7f505c34d000-7f505c34e000 rw-p 00015000 08:01 524490                     /lib/x86_64-linux-gnu/libgcc_s.so.1
7f505c34e000-7f505c453000 r-xp 00000000 08:01 524534                     /lib/x86_64-linux-gnu/libm-2.19.so
7f505c453000-7f505c652000 ---p 00105000 08:01 524534                     /lib/x86_64-linux-gnu/libm-2.19.so
7f505c652000-7f505c653000 r--p 00104000 08:01 524534                     /lib/x86_64-linux-gnu/libm-2.19.so
7f505c653000-7f505c654000 rw-p 00105000 08:01 524534                     /lib/x86_64-linux-gnu/libm-2.19.so
7f505c654000-7f505c73a000 r-xp 00000000 08:01 1048638                    /usr/lib/x86_64-linux-gnu/libstdc++.so.6.0.19
7f505c73a000-7f505c939000 ---p 000e6000 08:01 1048638                    /usr/lib/x86_64-linux-gnu/libstdc++.so.6.0.19
7f505c939000-7f505c941000 r--p 000e5000 08:01 1048638                    /usr/lib/x86_64-linux-gnu/libstdc++.so.6.0.19
7f505c941000-7f505c943000 rw-p 000ed000 08:01 1048638                    /usr/lib/x86_64-linux-gnu/libstdc++.so.6.0.19
7f505c943000-7f505c958000 rw-p 00000000 00:00 0 
7f505c958000-7f505d47d000 r-xp 00000000 08:01 1059034                    /usr/lib/jvm/java-7-openjdk-amd64/jre/lib/amd64/server/libjvm.so
7f505d47d000-7f505d67d000 ---p 00b25000 08:01 1059034                    /usr/lib/jvm/java-7-openjdk-amd64/jre/lib/amd64/server/libjvm.so
7f505d67d000-7f505d717000 r--p 00b25000 08:01 1059034                    /usr/lib/jvm/java-7-openjdk-amd64/jre/lib/amd64/server/libjvm.so
7f505d717000-7f505d73a000 rw-p 00bbf000 08:01 1059034                    /usr/lib/jvm/java-7-openjdk-amd64/jre/lib/amd64/server/libjvm.so
7f505d73a000-7f505d768000 rw-p 00000000 00:00 0 
7f505d768000-7f505d780000 r-xp 00000000 08:01 528472                     /lib/x86_64-linux-gnu/libz.so.1.2.8
7f505d780000-7f505d97f000 ---p 00018000 08:01 528472                     /lib/x86_64-linux-gnu/libz.so.1.2.8
7f505d97f000-7f505d980000 r--p 00017000 08:01 528472                     /lib/x86_64-linux-gnu/libz.so.1.2.8
7f505d980000-7f505d981000 rw-p 00018000 08:01 528472                     /lib/x86_64-linux-gnu/libz.so.1.2.8
7f505d981000-7f505d99a000 r-xp 00000000 08:01 524541                     /lib/x86_64-linux-gnu/libpthread-2.19.so
7f505d99a000-7f505db99000 ---p 00019000 08:01 524541                     /lib/x86_64-linux-gnu/libpthread-2.19.so
7f505db99000-7f505db9a000 r--p 00018000 08:01 524541                     /lib/x86_64-linux-gnu/libpthread-2.19.so
7f505db9a000-7f505db9b000 rw-p 00019000 08:01 524541                     /lib/x86_64-linux-gnu/libpthread-2.19.so
7f505db9b000-7f505db9f000 rw-p 00000000 00:00 0 
7f505db9f000-7f505dba2000 r-xp 00000000 08:01 524536                     /lib/x86_64-linux-gnu/libdl-2.19.so
7f505dba2000-7f505dda1000 ---p 00003000 08:01 524536                     /lib/x86_64-linux-gnu/libdl-2.19.so
7f505dda1000-7f505dda2000 r--p 00002000 08:01 524536                     /lib/x86_64-linux-gnu/libdl-2.19.so
7f505dda2000-7f505dda3000 rw-p 00003000 08:01 524536                     /lib/x86_64-linux-gnu/libdl-2.19.so
7f505dda3000-7f505df5e000 r-xp 00000000 08:01 524549                     /lib/x86_64-linux-gnu/libc-2.19.so
7f505df5e000-7f505e15d000 ---p 001bb000 08:01 524549                     /lib/x86_64-linux-gnu/libc-2.19.so
7f505e15d000-7f505e161000 r--p 001ba000 08:01 524549                     /lib/x86_64-linux-gnu/libc-2.19.so
7f505e161000-7f505e163000 rw-p 001be000 08:01 524549                     /lib/x86_64-linux-gnu/libc-2.19.so
7f505e163000-7f505e168000 rw-p 00000000 00:00 0 
7f505e168000-7f505e175000 r-xp 00000000 08:01 1059028                    /usr/lib/jvm/java-7-openjdk-amd64/jre/lib/amd64/jli/libjli.so
7f505e175000-7f505e374000 ---p 0000d000 08:01 1059028                    /usr/lib/jvm/java-7-openjdk-amd64/jre/lib/amd64/jli/libjli.so
7f505e374000-7f505e375000 r--p 0000c000 08:01 1059028                    /usr/lib/jvm/java-7-openjdk-amd64/jre/lib/amd64/jli/libjli.so
7f505e375000-7f505e376000 rw-p 0000d000 08:01 1059028                    /usr/lib/jvm/java-7-openjdk-amd64/jre/lib/amd64/jli/libjli.so
7f505e376000-7f505e37b000 r-xp 00000000 08:01 1051566                    /usr/lib/x86_64-linux-gnu/libproxychains.so.3.0.0
7f505e37b000-7f505e57a000 ---p 00005000 08:01 1051566                    /usr/lib/x86_64-linux-gnu/libproxychains.so.3.0.0
7f505e57a000-7f505e57b000 r--p 00004000 08:01 1051566                    /usr/lib/x86_64-linux-gnu/libproxychains.so.3.0.0
7f505e57b000-7f505e57c000 rw-p 00005000 08:01 1051566                    /usr/lib/x86_64-linux-gnu/libproxychains.so.3.0.0
7f505e57c000-7f505f4f6000 rw-p 00000000 00:00 0 
7f505f4f6000-7f505f519000 r-xp 00000000 08:01 524542                     /lib/x86_64-linux-gnu/ld-2.19.so
7f505f519000-7f505f51a000 r--s 00000000 08:01 5776393                    /var/cache/fontconfig/3334a778d104e76d188e9df399bc24d2-le64.cache-4
7f505f51a000-7f505f51b000 r--s 00000000 08:01 5776377                    /var/cache/fontconfig/c277e94e32b20404286a1ddafa5a80f0-le64.cache-4
7f505f51b000-7f505f520000 r--s 00000000 08:01 5776982                    /var/cache/fontconfig/7ef2298fde41cc6eeb7af42e48b7d293-le64.cache-4
7f505f520000-7f505f522000 r--s 00000000 08:01 5773779                    /var/cache/fontconfig/16326683038b281783a0ef8c680e3a10-le64.cache-4
7f505f522000-7f505f523000 r--s 00000000 08:01 5773777                    /var/cache/fontconfig/e0aa53bcfa504e64f87823c16bc01eb6-le64.cache-4
7f505f523000-7f505f527000 r--s 0004f000 08:01 1059005                    /usr/lib/jvm/java-7-openjdk-amd64/jre/lib/jsse.jar
7f505f527000-7f505f531000 r--s 000ae000 08:01 1059018                    /usr/lib/jvm/java-7-openjdk-amd64/jre/lib/resources.jar
7f505f531000-7f505f532000 r--s 00007000 08:01 22152208                   /home/sunil/Tools/Burpsuite_pro_v1.6beta/BurpLoader.jar
7f505f532000-7f505f534000 r--s 00012000 08:01 1062073                    /usr/lib/jvm/java-7-openjdk-amd64/jre/lib/ext/zipfs.jar
7f505f534000-7f505f55c000 rw-p 00000000 00:00 0 
7f505f55c000-7f505f5f4000 rw-p 00000000 00:00 0 
7f505f5f4000-7f505f5f7000 ---p 00000000 00:00 0 
7f505f5f7000-7f505f6fa000 rw-p 00000000 00:00 0                          [stack:3750]
7f505f6fa000-7f505f6fe000 r--s 00085000 08:01 1062071                    /usr/lib/jvm/java-7-openjdk-amd64/jre/lib/ext/localedata.jar
7f505f6fe000-7f505f701000 r--s 0000f000 08:01 1062076                    /usr/lib/jvm/java-7-openjdk-amd64/jre/lib/ext/icedtea-sound.jar
7f505f701000-7f505f705000 r--s 00034000 08:01 1062072                    /usr/lib/jvm/java-7-openjdk-amd64/jre/lib/ext/sunjce_provider.jar
7f505f705000-7f505f706000 r--s 00002000 08:01 1062075                    /usr/lib/jvm/java-7-openjdk-amd64/jre/lib/ext/dnsns.jar
7f505f706000-7f505f70a000 r--s 0003c000 08:01 1062074                    /usr/lib/jvm/java-7-openjdk-amd64/jre/lib/ext/sunpkcs11.jar
7f505f70a000-7f505f70c000 r--s 00006000 08:01 1445762                    /usr/share/java/java-atk-wrapper.jar
7f505f70c000-7f505f714000 rw-s 00000000 08:01 23725002                   /tmp/hsperfdata_sunil/3743
7f505f714000-7f505f715000 rw-p 00000000 00:00 0 
7f505f715000-7f505f716000 ---p 00000000 00:00 0 
7f505f716000-7f505f718000 rw-p 00000000 00:00 0 
7f505f718000-7f505f719000 r--p 00022000 08:01 524542                     /lib/x86_64-linux-gnu/ld-2.19.so
7f505f719000-7f505f71a000 rw-p 00023000 08:01 524542                     /lib/x86_64-linux-gnu/ld-2.19.so
7f505f71a000-7f505f71b000 rw-p 00000000 00:00 0 
7fff2e9a4000-7fff2e9c5000 rw-p 00000000 00:00 0                          [stack]
7fff2e9fc000-7fff2e9fe000 r-xp 00000000 00:00 0                          [vdso]
7fff2e9fe000-7fff2ea00000 r--p 00000000 00:00 0                          [vvar]
ffffffffff600000-ffffffffff601000 r-xp 00000000 00:00 0                  [vsyscall]

VM Arguments:
java_command: BurpLoader.jar
Launcher Type: SUN_STANDARD

Environment Variables:
PATH=/usr/local/sbin:/usr/local/bin:/usr/sbin:/usr/bin:/sbin:/bin:/usr/games:/usr/local/games
LD_PRELOAD=libproxychains.so.3
SHELL=/bin/bash
DISPLAY=:0

Signal Handlers:
SIGSEGV: [libjvm.so+0x955bc0], sa_mask[0]=0x7ffbfeff, sa_flags=0x10000004
SIGBUS: [libjvm.so+0x955bc0], sa_mask[0]=0x7ffbfeff, sa_flags=0x10000004
SIGFPE: [libjvm.so+0x7caff0], sa_mask[0]=0x7ffbfeff, sa_flags=0x10000004
SIGPIPE: SIG_IGN, sa_mask[0]=0x00000000, sa_flags=0x00000000
SIGXFSZ: [libjvm.so+0x7caff0], sa_mask[0]=0x7ffbfeff, sa_flags=0x10000004
SIGILL: [libjvm.so+0x7caff0], sa_mask[0]=0x7ffbfeff, sa_flags=0x10000004
SIGUSR1: SIG_DFL, sa_mask[0]=0x00000000, sa_flags=0x00000000
SIGUSR2: [libjvm.so+0x7cae90], sa_mask[0]=0x00000000, sa_flags=0x10000004
SIGHUP: [libjvm.so+0x7cb070], sa_mask[0]=0x7ffbfeff, sa_flags=0x10000004
SIGINT: [libjvm.so+0x7cb070], sa_mask[0]=0x7ffbfeff, sa_flags=0x10000004
SIGTERM: [libjvm.so+0x7cb070], sa_mask[0]=0x7ffbfeff, sa_flags=0x10000004
SIGQUIT: [libjvm.so+0x7cb070], sa_mask[0]=0x7ffbfeff, sa_flags=0x10000004
SIGTRAP: SIG_DFL, sa_mask[0]=0x00000000, sa_flags=0x00000000


---------------  S Y S T E M  ---------------

OS:Ubuntu 14.04 (trusty)
uname:Linux 3.16.0-30-generic #40~14.04.1-Ubuntu SMP Thu Jan 15 17:43:14 UTC 2015 x86_64
libc:glibc 2.19 NPTL 2.19 
rlimit: STACK 8192k, CORE 0k, NPROC 31357, NOFILE 4096, AS infinity
load average:1.72 1.45 1.32

/proc/meminfo:
MemTotal:        8048864 kB
MemFree:          294760 kB
MemAvailable:    4901232 kB
Buffers:          257656 kB
Cached:          4764652 kB
SwapCached:            0 kB
Active:          4225924 kB
Inactive:        3035092 kB
Active(anon):    2365576 kB
Inactive(anon):   341172 kB
Active(file):    1860348 kB
Inactive(file):  2693920 kB
Unevictable:          64 kB
Mlocked:              64 kB
SwapTotal:       8259580 kB
SwapFree:        8259200 kB
Dirty:              1504 kB
Writeback:             0 kB
AnonPages:       2239128 kB
Mapped:           545340 kB
Shmem:            467828 kB
Slab:             350508 kB
SReclaimable:     305608 kB
SUnreclaim:        44900 kB
KernelStack:        9600 kB
PageTables:        44852 kB
NFS_Unstable:          0 kB
Bounce:                0 kB
WritebackTmp:          0 kB
CommitLimit:    12284012 kB
Committed_AS:    7631076 kB
VmallocTotal:   34359738367 kB
VmallocUsed:      553520 kB
VmallocChunk:   34359103884 kB
HardwareCorrupted:     0 kB
AnonHugePages:    870400 kB
HugePages_Total:       0
HugePages_Free:        0
HugePages_Rsvd:        0
HugePages_Surp:        0
Hugepagesize:       2048 kB
DirectMap4k:      136956 kB
DirectMap2M:     8124416 kB


CPU:total 4 (2 cores per cpu, 2 threads per core) family 6 model 58 stepping 9, cmov, cx8, fxsr, mmx, sse, sse2, sse3, ssse3, sse4.1, sse4.2, popcnt, avx, erms, ht, tsc, tscinvbit, tscinv

/proc/cpuinfo:
processor	: 0
vendor_id	: GenuineIntel
cpu family	: 6
model		: 58
model name	: Intel(R) Core(TM) i3-3227U CPU @ 1.90GHz
stepping	: 9
microcode	: 0x15
cpu MHz		: 800.003
cache size	: 3072 KB
physical id	: 0
siblings	: 4
core id		: 0
cpu cores	: 2
apicid		: 0
initial apicid	: 0
fpu		: yes
fpu_exception	: yes
cpuid level	: 13
wp		: yes
flags		: fpu vme de pse tsc msr pae mce cx8 apic sep mtrr pge mca cmov pat pse36 clflush dts acpi mmx fxsr sse sse2 ss ht tm pbe syscall nx rdtscp lm constant_tsc arch_perfmon pebs bts rep_good nopl xtopology nonstop_tsc aperfmperf eagerfpu pni pclmulqdq dtes64 monitor ds_cpl vmx est tm2 ssse3 cx16 xtpr pdcm pcid sse4_1 sse4_2 x2apic popcnt tsc_deadline_timer xsave avx f16c lahf_lm ida arat epb xsaveopt pln pts dtherm tpr_shadow vnmi flexpriority ept vpid fsgsbase smep erms
bogomips	: 3791.46
clflush size	: 64
cache_alignment	: 64
address sizes	: 36 bits physical, 48 bits virtual
power management:

processor	: 1
vendor_id	: GenuineIntel
cpu family	: 6
model		: 58
model name	: Intel(R) Core(TM) i3-3227U CPU @ 1.90GHz
stepping	: 9
microcode	: 0x15
cpu MHz		: 800.003
cache size	: 3072 KB
physical id	: 0
siblings	: 4
core id		: 0
cpu cores	: 2
apicid		: 1
initial apicid	: 1
fpu		: yes
fpu_exception	: yes
cpuid level	: 13
wp		: yes
flags		: fpu vme de pse tsc msr pae mce cx8 apic sep mtrr pge mca cmov pat pse36 clflush dts acpi mmx fxsr sse sse2 ss ht tm pbe syscall nx rdtscp lm constant_tsc arch_perfmon pebs bts rep_good nopl xtopology nonstop_tsc aperfmperf eagerfpu pni pclmulqdq dtes64 monitor ds_cpl vmx est tm2 ssse3 cx16 xtpr pdcm pcid sse4_1 sse4_2 x2apic popcnt tsc_deadline_timer xsave avx f16c lahf_lm ida arat epb xsaveopt pln pts dtherm tpr_shadow vnmi flexpriority ept vpid fsgsbase smep erms
bogomips	: 3791.46
clflush size	: 64
cache_alignment	: 64
address sizes	: 36 bits physical, 48 bits virtual
power management:

processor	: 2
vendor_id	: GenuineIntel
cpu family	: 6
model		: 58
model name	: Intel(R) Core(TM) i3-3227U CPU @ 1.90GHz
stepping	: 9
microcode	: 0x15
cpu MHz		: 800.003
cache size	: 3072 KB
physical id	: 0
siblings	: 4
core id		: 1
cpu cores	: 2
apicid		: 2
initial apicid	: 2
fpu		: yes
fpu_exception	: yes
cpuid level	: 13
wp		: yes
flags		: fpu vme de pse tsc msr pae mce cx8 apic sep mtrr pge mca cmov pat pse36 clflush dts acpi mmx fxsr sse sse2 ss ht tm pbe syscall nx rdtscp lm constant_tsc arch_perfmon pebs bts rep_good nopl xtopology nonstop_tsc aperfmperf eagerfpu pni pclmulqdq dtes64 monitor ds_cpl vmx est tm2 ssse3 cx16 xtpr pdcm pcid sse4_1 sse4_2 x2apic popcnt tsc_deadline_timer xsave avx f16c lahf_lm ida arat epb xsaveopt pln pts dtherm tpr_shadow vnmi flexpriority ept vpid fsgsbase smep erms
bogomips	: 3791.46
clflush size	: 64
cache_alignment	: 64
address sizes	: 36 bits physical, 48 bits virtual
power management:

processor	: 3
vendor_id	: GenuineIntel
cpu family	: 6
model		: 58
model name	: Intel(R) Core(TM) i3-3227U CPU @ 1.90GHz
stepping	: 9
microcode	: 0x15
cpu MHz		: 800.003
cache size	: 3072 KB
physical id	: 0
siblings	: 4
core id		: 1
cpu cores	: 2
apicid		: 3
initial apicid	: 3
fpu		: yes
fpu_exception	: yes
cpuid level	: 13
wp		: yes
flags		: fpu vme de pse tsc msr pae mce cx8 apic sep mtrr pge mca cmov pat pse36 clflush dts acpi mmx fxsr sse sse2 ss ht tm pbe syscall nx rdtscp lm constant_tsc arch_perfmon pebs bts rep_good nopl xtopology nonstop_tsc aperfmperf eagerfpu pni pclmulqdq dtes64 monitor ds_cpl vmx est tm2 ssse3 cx16 xtpr pdcm pcid sse4_1 sse4_2 x2apic popcnt tsc_deadline_timer xsave avx f16c lahf_lm ida arat epb xsaveopt pln pts dtherm tpr_shadow vnmi flexpriority ept vpid fsgsbase smep erms
bogomips	: 3791.46
clflush size	: 64
cache_alignment	: 64
address sizes	: 36 bits physical, 48 bits virtual
power management:



Memory: 4k page, physical 8048864k(294760k free), swap 8259580k(8259200k free)

vm_info: OpenJDK 64-Bit Server VM (24.95-b01) for linux-amd64 JRE (1.7.0_95-b00), built on Jan 21 2016 03:31:40 by "buildd" with gcc 4.8.4

time: Mon Mar 14 18:51:47 2016
elapsed time: 28967 seconds

